<?xml version="1.0" encoding="UTF-8"?>
<robot generator="Robot 3.2.2 (Python 3.9.1 on win32)" generated="20210216 17:44:42.951" rpa="false">
<suite id="s1" name="AlzaPriceOrder" source="C:\Users\Patrik\PycharmProjects\pythonProject\venv\Lib\site-packages\pkg_resources\tests\AlzaPriceOrder.robot">
<test id="s1-t1" name="Poúžívateľ vyhľadá položky a následne ich zoradí podľa ceny vzostupne">
<kw name="Open Browser" library="SeleniumLibrary">
<doc>Opens a new browser instance to the optional ``url``.</doc>
<arguments>
<arg>${URL}</arg>
<arg>${browser}</arg>
</arguments>
<msg timestamp="20210216 17:44:43.144" level="INFO">Opening browser 'chrome' to base url 'https://www.alza.sk'.</msg>
<status status="PASS" starttime="20210216 17:44:43.144" endtime="20210216 17:44:59.899"></status>
</kw>
<kw name="Maximize Browser Window" library="SeleniumLibrary">
<doc>Maximizes current browser window.</doc>
<status status="PASS" starttime="20210216 17:44:59.899" endtime="20210216 17:45:00.044"></status>
</kw>
<kw name="Wait Until Element Is Visible" library="SeleniumLibrary">
<doc>Waits until the element ``locator`` is visible.</doc>
<arguments>
<arg>${search}</arg>
</arguments>
<status status="PASS" starttime="20210216 17:45:00.044" endtime="20210216 17:45:00.090"></status>
</kw>
<kw name="Input Text" library="SeleniumLibrary">
<doc>Types the given ``text`` into the text field identified by ``locator``.</doc>
<arguments>
<arg>${search}</arg>
<arg>pracka</arg>
</arguments>
<msg timestamp="20210216 17:45:00.090" level="INFO">Typing text 'pracka' into text field 'xpath=//*[@id="edtSearch"]'.</msg>
<status status="PASS" starttime="20210216 17:45:00.090" endtime="20210216 17:45:00.218"></status>
</kw>
<kw name="Click Element" library="SeleniumLibrary">
<doc>Click the element identified by ``locator``.</doc>
<arguments>
<arg>${btnSearch}</arg>
</arguments>
<msg timestamp="20210216 17:45:00.219" level="INFO">Clicking element 'xpath=//*[@id="btnSearch"]'.</msg>
<status status="PASS" starttime="20210216 17:45:00.218" endtime="20210216 17:45:06.223"></status>
</kw>
<kw name="Wait Until Element Is Visible" library="SeleniumLibrary">
<doc>Waits until the element ``locator`` is visible.</doc>
<arguments>
<arg>${orderByMin}</arg>
</arguments>
<status status="PASS" starttime="20210216 17:45:06.223" endtime="20210216 17:45:06.287"></status>
</kw>
<kw name="Click Element" library="SeleniumLibrary">
<doc>Click the element identified by ``locator``.</doc>
<arguments>
<arg>${orderByMin}</arg>
</arguments>
<msg timestamp="20210216 17:45:06.288" level="INFO">Clicking element 'xpath=//*[@id="ui-id-6"]'.</msg>
<status status="PASS" starttime="20210216 17:45:06.288" endtime="20210216 17:45:06.418"></status>
</kw>
<kw name="Sleep" library="BuiltIn">
<doc>Pauses the test executed for the given time.</doc>
<arguments>
<arg>2s</arg>
</arguments>
<msg timestamp="20210216 17:45:08.426" level="INFO">Slept 2 seconds</msg>
<status status="PASS" starttime="20210216 17:45:06.418" endtime="20210216 17:45:08.426"></status>
</kw>
<kw name="Set Variable" library="BuiltIn">
<doc>Returns the given values which can then be assigned to a variables.</doc>
<arguments>
<arg>//*[@id="boxes"]/div/div[2]/div[1]/div/span[1]</arg>
</arguments>
<assign>
<var>${xpath}</var>
</assign>
<msg timestamp="20210216 17:45:08.427" level="INFO">${xpath} = //*[@id="boxes"]/div/div[2]/div[1]/div/span[1]</msg>
<status status="PASS" starttime="20210216 17:45:08.427" endtime="20210216 17:45:08.427"></status>
</kw>
<kw name="Get Element Count" library="SeleniumLibrary">
<doc>Returns the number of elements matching ``locator``.</doc>
<arguments>
<arg>${xpath}</arg>
</arguments>
<assign>
<var>${count}</var>
</assign>
<msg timestamp="20210216 17:45:08.481" level="INFO">${count} = 24</msg>
<status status="PASS" starttime="20210216 17:45:08.427" endtime="20210216 17:45:08.481"></status>
</kw>
<kw name="${index} IN RANGE [ ${count} ]" type="for">
<kw name="${index} = 0" type="foritem">
<kw name="Get Text" library="SeleniumLibrary">
<doc>Returns the text value of the element identified by ``locator``.</doc>
<arguments>
<arg>//*[@id="boxes"]/div[${index}+1]/div[2]/div[1]/div/span[1]</arg>
</arguments>
<assign>
<var>${price}</var>
</assign>
<msg timestamp="20210216 17:45:08.522" level="INFO">${price} = 51,90 €</msg>
<status status="PASS" starttime="20210216 17:45:08.482" endtime="20210216 17:45:08.522"></status>
</kw>
<kw name="Fetch From Left" library="String">
<doc>Returns contents of the ``string`` before the first occurrence of ``marker``.</doc>
<arguments>
<arg>${price}</arg>
<arg>€</arg>
</arguments>
<assign>
<var>${price}</var>
</assign>
<msg timestamp="20210216 17:45:08.522" level="INFO">${price} = 51,90 </msg>
<status status="PASS" starttime="20210216 17:45:08.522" endtime="20210216 17:45:08.522"></status>
</kw>
<kw name="Fetch From Right" library="String">
<doc>Returns contents of the ``string`` after the last occurrence of ``marker``.</doc>
<arguments>
<arg>${price}</arg>
<arg>Od</arg>
</arguments>
<assign>
<var>${price}</var>
</assign>
<msg timestamp="20210216 17:45:08.522" level="INFO">${price} = 51,90 </msg>
<status status="PASS" starttime="20210216 17:45:08.522" endtime="20210216 17:45:08.522"></status>
</kw>
<kw name="Fetch From Left" library="String">
<doc>Returns contents of the ``string`` before the first occurrence of ``marker``.</doc>
<arguments>
<arg>${price}</arg>
<arg>,</arg>
</arguments>
<assign>
<var>${price}</var>
</assign>
<msg timestamp="20210216 17:45:08.523" level="INFO">${price} = 51</msg>
<status status="PASS" starttime="20210216 17:45:08.522" endtime="20210216 17:45:08.523"></status>
</kw>
<kw name="Convert To Number" library="BuiltIn">
<doc>Converts the given item to a floating point number.</doc>
<arguments>
<arg>${price}</arg>
</arguments>
<assign>
<var>${price}</var>
</assign>
<msg timestamp="20210216 17:45:08.523" level="INFO">${price} = 51.0</msg>
<status status="PASS" starttime="20210216 17:45:08.523" endtime="20210216 17:45:08.523"></status>
</kw>
<kw name="Convert To Number" library="BuiltIn">
<doc>Converts the given item to a floating point number.</doc>
<arguments>
<arg>${min}</arg>
</arguments>
<assign>
<var>${min}</var>
</assign>
<msg timestamp="20210216 17:45:08.523" level="INFO">${min} = 0.0</msg>
<status status="PASS" starttime="20210216 17:45:08.523" endtime="20210216 17:45:08.523"></status>
</kw>
<kw name="Run Keyword And Return Status" library="BuiltIn">
<doc>Runs the given keyword with given arguments and returns the status as a Boolean value.</doc>
<arguments>
<arg>Should Be True</arg>
<arg>${price} &gt;= ${min}</arg>
</arguments>
<assign>
<var>${status}</var>
</assign>
<kw name="Should Be True" library="BuiltIn">
<doc>Fails if the given condition is not true.</doc>
<arguments>
<arg>${price} &gt;= ${min}</arg>
</arguments>
<status status="PASS" starttime="20210216 17:45:08.524" endtime="20210216 17:45:08.524"></status>
</kw>
<msg timestamp="20210216 17:45:08.524" level="INFO">${status} = True</msg>
<status status="PASS" starttime="20210216 17:45:08.523" endtime="20210216 17:45:08.524"></status>
</kw>
<kw name="Run Keyword If" library="BuiltIn">
<doc>Runs the given keyword with the given arguments, if ``condition`` is true.</doc>
<arguments>
<arg>${status}</arg>
<arg>Log to Console</arg>
<arg>\nPriceViacAkoMin</arg>
<arg>ELSE</arg>
<arg>Log To Console</arg>
<arg>FAIL Price is not in set limit</arg>
</arguments>
<kw name="Log To Console" library="BuiltIn">
<doc>Logs the given message to the console.</doc>
<arguments>
<arg>\nPriceViacAkoMin</arg>
</arguments>
<status status="PASS" starttime="20210216 17:45:08.524" endtime="20210216 17:45:08.525"></status>
</kw>
<status status="PASS" starttime="20210216 17:45:08.524" endtime="20210216 17:45:08.525"></status>
</kw>
<kw name="Set Variable" library="BuiltIn">
<doc>Returns the given values which can then be assigned to a variables.</doc>
<arguments>
<arg>${price}</arg>
</arguments>
<assign>
<var>${min}</var>
</assign>
<msg timestamp="20210216 17:45:08.525" level="INFO">${min} = 51.0</msg>
<status status="PASS" starttime="20210216 17:45:08.525" endtime="20210216 17:45:08.525"></status>
</kw>
<status status="PASS" starttime="20210216 17:45:08.482" endtime="20210216 17:45:08.525"></status>
</kw>
<kw name="${index} = 1" type="foritem">
<kw name="Get Text" library="SeleniumLibrary">
<doc>Returns the text value of the element identified by ``locator``.</doc>
<arguments>
<arg>//*[@id="boxes"]/div[${index}+1]/div[2]/div[1]/div/span[1]</arg>
</arguments>
<assign>
<var>${price}</var>
</assign>
<msg timestamp="20210216 17:45:08.583" level="INFO">${price} = 51,90 €</msg>
<status status="PASS" starttime="20210216 17:45:08.525" endtime="20210216 17:45:08.583"></status>
</kw>
<kw name="Fetch From Left" library="String">
<doc>Returns contents of the ``string`` before the first occurrence of ``marker``.</doc>
<arguments>
<arg>${price}</arg>
<arg>€</arg>
</arguments>
<assign>
<var>${price}</var>
</assign>
<msg timestamp="20210216 17:45:08.583" level="INFO">${price} = 51,90 </msg>
<status status="PASS" starttime="20210216 17:45:08.583" endtime="20210216 17:45:08.583"></status>
</kw>
<kw name="Fetch From Right" library="String">
<doc>Returns contents of the ``string`` after the last occurrence of ``marker``.</doc>
<arguments>
<arg>${price}</arg>
<arg>Od</arg>
</arguments>
<assign>
<var>${price}</var>
</assign>
<msg timestamp="20210216 17:45:08.583" level="INFO">${price} = 51,90 </msg>
<status status="PASS" starttime="20210216 17:45:08.583" endtime="20210216 17:45:08.583"></status>
</kw>
<kw name="Fetch From Left" library="String">
<doc>Returns contents of the ``string`` before the first occurrence of ``marker``.</doc>
<arguments>
<arg>${price}</arg>
<arg>,</arg>
</arguments>
<assign>
<var>${price}</var>
</assign>
<msg timestamp="20210216 17:45:08.584" level="INFO">${price} = 51</msg>
<status status="PASS" starttime="20210216 17:45:08.583" endtime="20210216 17:45:08.584"></status>
</kw>
<kw name="Convert To Number" library="BuiltIn">
<doc>Converts the given item to a floating point number.</doc>
<arguments>
<arg>${price}</arg>
</arguments>
<assign>
<var>${price}</var>
</assign>
<msg timestamp="20210216 17:45:08.584" level="INFO">${price} = 51.0</msg>
<status status="PASS" starttime="20210216 17:45:08.584" endtime="20210216 17:45:08.584"></status>
</kw>
<kw name="Convert To Number" library="BuiltIn">
<doc>Converts the given item to a floating point number.</doc>
<arguments>
<arg>${min}</arg>
</arguments>
<assign>
<var>${min}</var>
</assign>
<msg timestamp="20210216 17:45:08.584" level="INFO">${min} = 51.0</msg>
<status status="PASS" starttime="20210216 17:45:08.584" endtime="20210216 17:45:08.584"></status>
</kw>
<kw name="Run Keyword And Return Status" library="BuiltIn">
<doc>Runs the given keyword with given arguments and returns the status as a Boolean value.</doc>
<arguments>
<arg>Should Be True</arg>
<arg>${price} &gt;= ${min}</arg>
</arguments>
<assign>
<var>${status}</var>
</assign>
<kw name="Should Be True" library="BuiltIn">
<doc>Fails if the given condition is not true.</doc>
<arguments>
<arg>${price} &gt;= ${min}</arg>
</arguments>
<status status="PASS" starttime="20210216 17:45:08.585" endtime="20210216 17:45:08.585"></status>
</kw>
<msg timestamp="20210216 17:45:08.585" level="INFO">${status} = True</msg>
<status status="PASS" starttime="20210216 17:45:08.584" endtime="20210216 17:45:08.585"></status>
</kw>
<kw name="Run Keyword If" library="BuiltIn">
<doc>Runs the given keyword with the given arguments, if ``condition`` is true.</doc>
<arguments>
<arg>${status}</arg>
<arg>Log to Console</arg>
<arg>\nPriceViacAkoMin</arg>
<arg>ELSE</arg>
<arg>Log To Console</arg>
<arg>FAIL Price is not in set limit</arg>
</arguments>
<kw name="Log To Console" library="BuiltIn">
<doc>Logs the given message to the console.</doc>
<arguments>
<arg>\nPriceViacAkoMin</arg>
</arguments>
<status status="PASS" starttime="20210216 17:45:08.585" endtime="20210216 17:45:08.585"></status>
</kw>
<status status="PASS" starttime="20210216 17:45:08.585" endtime="20210216 17:45:08.585"></status>
</kw>
<kw name="Set Variable" library="BuiltIn">
<doc>Returns the given values which can then be assigned to a variables.</doc>
<arguments>
<arg>${price}</arg>
</arguments>
<assign>
<var>${min}</var>
</assign>
<msg timestamp="20210216 17:45:08.586" level="INFO">${min} = 51.0</msg>
<status status="PASS" starttime="20210216 17:45:08.586" endtime="20210216 17:45:08.586"></status>
</kw>
<status status="PASS" starttime="20210216 17:45:08.525" endtime="20210216 17:45:08.586"></status>
</kw>
<kw name="${index} = 2" type="foritem">
<kw name="Get Text" library="SeleniumLibrary">
<doc>Returns the text value of the element identified by ``locator``.</doc>
<arguments>
<arg>//*[@id="boxes"]/div[${index}+1]/div[2]/div[1]/div/span[1]</arg>
</arguments>
<assign>
<var>${price}</var>
</assign>
<msg timestamp="20210216 17:45:08.611" level="INFO">${price} = 78,64 €</msg>
<status status="PASS" starttime="20210216 17:45:08.586" endtime="20210216 17:45:08.611"></status>
</kw>
<kw name="Fetch From Left" library="String">
<doc>Returns contents of the ``string`` before the first occurrence of ``marker``.</doc>
<arguments>
<arg>${price}</arg>
<arg>€</arg>
</arguments>
<assign>
<var>${price}</var>
</assign>
<msg timestamp="20210216 17:45:08.612" level="INFO">${price} = 78,64 </msg>
<status status="PASS" starttime="20210216 17:45:08.611" endtime="20210216 17:45:08.612"></status>
</kw>
<kw name="Fetch From Right" library="String">
<doc>Returns contents of the ``string`` after the last occurrence of ``marker``.</doc>
<arguments>
<arg>${price}</arg>
<arg>Od</arg>
</arguments>
<assign>
<var>${price}</var>
</assign>
<msg timestamp="20210216 17:45:08.612" level="INFO">${price} = 78,64 </msg>
<status status="PASS" starttime="20210216 17:45:08.612" endtime="20210216 17:45:08.612"></status>
</kw>
<kw name="Fetch From Left" library="String">
<doc>Returns contents of the ``string`` before the first occurrence of ``marker``.</doc>
<arguments>
<arg>${price}</arg>
<arg>,</arg>
</arguments>
<assign>
<var>${price}</var>
</assign>
<msg timestamp="20210216 17:45:08.612" level="INFO">${price} = 78</msg>
<status status="PASS" starttime="20210216 17:45:08.612" endtime="20210216 17:45:08.612"></status>
</kw>
<kw name="Convert To Number" library="BuiltIn">
<doc>Converts the given item to a floating point number.</doc>
<arguments>
<arg>${price}</arg>
</arguments>
<assign>
<var>${price}</var>
</assign>
<msg timestamp="20210216 17:45:08.612" level="INFO">${price} = 78.0</msg>
<status status="PASS" starttime="20210216 17:45:08.612" endtime="20210216 17:45:08.612"></status>
</kw>
<kw name="Convert To Number" library="BuiltIn">
<doc>Converts the given item to a floating point number.</doc>
<arguments>
<arg>${min}</arg>
</arguments>
<assign>
<var>${min}</var>
</assign>
<msg timestamp="20210216 17:45:08.613" level="INFO">${min} = 51.0</msg>
<status status="PASS" starttime="20210216 17:45:08.612" endtime="20210216 17:45:08.613"></status>
</kw>
<kw name="Run Keyword And Return Status" library="BuiltIn">
<doc>Runs the given keyword with given arguments and returns the status as a Boolean value.</doc>
<arguments>
<arg>Should Be True</arg>
<arg>${price} &gt;= ${min}</arg>
</arguments>
<assign>
<var>${status}</var>
</assign>
<kw name="Should Be True" library="BuiltIn">
<doc>Fails if the given condition is not true.</doc>
<arguments>
<arg>${price} &gt;= ${min}</arg>
</arguments>
<status status="PASS" starttime="20210216 17:45:08.613" endtime="20210216 17:45:08.613"></status>
</kw>
<msg timestamp="20210216 17:45:08.613" level="INFO">${status} = True</msg>
<status status="PASS" starttime="20210216 17:45:08.613" endtime="20210216 17:45:08.613"></status>
</kw>
<kw name="Run Keyword If" library="BuiltIn">
<doc>Runs the given keyword with the given arguments, if ``condition`` is true.</doc>
<arguments>
<arg>${status}</arg>
<arg>Log to Console</arg>
<arg>\nPriceViacAkoMin</arg>
<arg>ELSE</arg>
<arg>Log To Console</arg>
<arg>FAIL Price is not in set limit</arg>
</arguments>
<kw name="Log To Console" library="BuiltIn">
<doc>Logs the given message to the console.</doc>
<arguments>
<arg>\nPriceViacAkoMin</arg>
</arguments>
<status status="PASS" starttime="20210216 17:45:08.614" endtime="20210216 17:45:08.614"></status>
</kw>
<status status="PASS" starttime="20210216 17:45:08.614" endtime="20210216 17:45:08.614"></status>
</kw>
<kw name="Set Variable" library="BuiltIn">
<doc>Returns the given values which can then be assigned to a variables.</doc>
<arguments>
<arg>${price}</arg>
</arguments>
<assign>
<var>${min}</var>
</assign>
<msg timestamp="20210216 17:45:08.614" level="INFO">${min} = 78.0</msg>
<status status="PASS" starttime="20210216 17:45:08.614" endtime="20210216 17:45:08.614"></status>
</kw>
<status status="PASS" starttime="20210216 17:45:08.586" endtime="20210216 17:45:08.614"></status>
</kw>
<kw name="${index} = 3" type="foritem">
<kw name="Get Text" library="SeleniumLibrary">
<doc>Returns the text value of the element identified by ``locator``.</doc>
<arguments>
<arg>//*[@id="boxes"]/div[${index}+1]/div[2]/div[1]/div/span[1]</arg>
</arguments>
<assign>
<var>${price}</var>
</assign>
<msg timestamp="20210216 17:45:08.640" level="INFO">${price} = 88,45 €</msg>
<status status="PASS" starttime="20210216 17:45:08.615" endtime="20210216 17:45:08.640"></status>
</kw>
<kw name="Fetch From Left" library="String">
<doc>Returns contents of the ``string`` before the first occurrence of ``marker``.</doc>
<arguments>
<arg>${price}</arg>
<arg>€</arg>
</arguments>
<assign>
<var>${price}</var>
</assign>
<msg timestamp="20210216 17:45:08.640" level="INFO">${price} = 88,45 </msg>
<status status="PASS" starttime="20210216 17:45:08.640" endtime="20210216 17:45:08.640"></status>
</kw>
<kw name="Fetch From Right" library="String">
<doc>Returns contents of the ``string`` after the last occurrence of ``marker``.</doc>
<arguments>
<arg>${price}</arg>
<arg>Od</arg>
</arguments>
<assign>
<var>${price}</var>
</assign>
<msg timestamp="20210216 17:45:08.640" level="INFO">${price} = 88,45 </msg>
<status status="PASS" starttime="20210216 17:45:08.640" endtime="20210216 17:45:08.640"></status>
</kw>
<kw name="Fetch From Left" library="String">
<doc>Returns contents of the ``string`` before the first occurrence of ``marker``.</doc>
<arguments>
<arg>${price}</arg>
<arg>,</arg>
</arguments>
<assign>
<var>${price}</var>
</assign>
<msg timestamp="20210216 17:45:08.641" level="INFO">${price} = 88</msg>
<status status="PASS" starttime="20210216 17:45:08.640" endtime="20210216 17:45:08.641"></status>
</kw>
<kw name="Convert To Number" library="BuiltIn">
<doc>Converts the given item to a floating point number.</doc>
<arguments>
<arg>${price}</arg>
</arguments>
<assign>
<var>${price}</var>
</assign>
<msg timestamp="20210216 17:45:08.641" level="INFO">${price} = 88.0</msg>
<status status="PASS" starttime="20210216 17:45:08.641" endtime="20210216 17:45:08.641"></status>
</kw>
<kw name="Convert To Number" library="BuiltIn">
<doc>Converts the given item to a floating point number.</doc>
<arguments>
<arg>${min}</arg>
</arguments>
<assign>
<var>${min}</var>
</assign>
<msg timestamp="20210216 17:45:08.641" level="INFO">${min} = 78.0</msg>
<status status="PASS" starttime="20210216 17:45:08.641" endtime="20210216 17:45:08.641"></status>
</kw>
<kw name="Run Keyword And Return Status" library="BuiltIn">
<doc>Runs the given keyword with given arguments and returns the status as a Boolean value.</doc>
<arguments>
<arg>Should Be True</arg>
<arg>${price} &gt;= ${min}</arg>
</arguments>
<assign>
<var>${status}</var>
</assign>
<kw name="Should Be True" library="BuiltIn">
<doc>Fails if the given condition is not true.</doc>
<arguments>
<arg>${price} &gt;= ${min}</arg>
</arguments>
<status status="PASS" starttime="20210216 17:45:08.641" endtime="20210216 17:45:08.642"></status>
</kw>
<msg timestamp="20210216 17:45:08.642" level="INFO">${status} = True</msg>
<status status="PASS" starttime="20210216 17:45:08.641" endtime="20210216 17:45:08.642"></status>
</kw>
<kw name="Run Keyword If" library="BuiltIn">
<doc>Runs the given keyword with the given arguments, if ``condition`` is true.</doc>
<arguments>
<arg>${status}</arg>
<arg>Log to Console</arg>
<arg>\nPriceViacAkoMin</arg>
<arg>ELSE</arg>
<arg>Log To Console</arg>
<arg>FAIL Price is not in set limit</arg>
</arguments>
<kw name="Log To Console" library="BuiltIn">
<doc>Logs the given message to the console.</doc>
<arguments>
<arg>\nPriceViacAkoMin</arg>
</arguments>
<status status="PASS" starttime="20210216 17:45:08.642" endtime="20210216 17:45:08.642"></status>
</kw>
<status status="PASS" starttime="20210216 17:45:08.642" endtime="20210216 17:45:08.642"></status>
</kw>
<kw name="Set Variable" library="BuiltIn">
<doc>Returns the given values which can then be assigned to a variables.</doc>
<arguments>
<arg>${price}</arg>
</arguments>
<assign>
<var>${min}</var>
</assign>
<msg timestamp="20210216 17:45:08.643" level="INFO">${min} = 88.0</msg>
<status status="PASS" starttime="20210216 17:45:08.642" endtime="20210216 17:45:08.643"></status>
</kw>
<status status="PASS" starttime="20210216 17:45:08.615" endtime="20210216 17:45:08.643"></status>
</kw>
<kw name="${index} = 4" type="foritem">
<kw name="Get Text" library="SeleniumLibrary">
<doc>Returns the text value of the element identified by ``locator``.</doc>
<arguments>
<arg>//*[@id="boxes"]/div[${index}+1]/div[2]/div[1]/div/span[1]</arg>
</arguments>
<assign>
<var>${price}</var>
</assign>
<msg timestamp="20210216 17:45:08.673" level="INFO">${price} = 91,90 €</msg>
<status status="PASS" starttime="20210216 17:45:08.643" endtime="20210216 17:45:08.673"></status>
</kw>
<kw name="Fetch From Left" library="String">
<doc>Returns contents of the ``string`` before the first occurrence of ``marker``.</doc>
<arguments>
<arg>${price}</arg>
<arg>€</arg>
</arguments>
<assign>
<var>${price}</var>
</assign>
<msg timestamp="20210216 17:45:08.673" level="INFO">${price} = 91,90 </msg>
<status status="PASS" starttime="20210216 17:45:08.673" endtime="20210216 17:45:08.673"></status>
</kw>
<kw name="Fetch From Right" library="String">
<doc>Returns contents of the ``string`` after the last occurrence of ``marker``.</doc>
<arguments>
<arg>${price}</arg>
<arg>Od</arg>
</arguments>
<assign>
<var>${price}</var>
</assign>
<msg timestamp="20210216 17:45:08.673" level="INFO">${price} = 91,90 </msg>
<status status="PASS" starttime="20210216 17:45:08.673" endtime="20210216 17:45:08.673"></status>
</kw>
<kw name="Fetch From Left" library="String">
<doc>Returns contents of the ``string`` before the first occurrence of ``marker``.</doc>
<arguments>
<arg>${price}</arg>
<arg>,</arg>
</arguments>
<assign>
<var>${price}</var>
</assign>
<msg timestamp="20210216 17:45:08.673" level="INFO">${price} = 91</msg>
<status status="PASS" starttime="20210216 17:45:08.673" endtime="20210216 17:45:08.673"></status>
</kw>
<kw name="Convert To Number" library="BuiltIn">
<doc>Converts the given item to a floating point number.</doc>
<arguments>
<arg>${price}</arg>
</arguments>
<assign>
<var>${price}</var>
</assign>
<msg timestamp="20210216 17:45:08.674" level="INFO">${price} = 91.0</msg>
<status status="PASS" starttime="20210216 17:45:08.674" endtime="20210216 17:45:08.674"></status>
</kw>
<kw name="Convert To Number" library="BuiltIn">
<doc>Converts the given item to a floating point number.</doc>
<arguments>
<arg>${min}</arg>
</arguments>
<assign>
<var>${min}</var>
</assign>
<msg timestamp="20210216 17:45:08.674" level="INFO">${min} = 88.0</msg>
<status status="PASS" starttime="20210216 17:45:08.674" endtime="20210216 17:45:08.674"></status>
</kw>
<kw name="Run Keyword And Return Status" library="BuiltIn">
<doc>Runs the given keyword with given arguments and returns the status as a Boolean value.</doc>
<arguments>
<arg>Should Be True</arg>
<arg>${price} &gt;= ${min}</arg>
</arguments>
<assign>
<var>${status}</var>
</assign>
<kw name="Should Be True" library="BuiltIn">
<doc>Fails if the given condition is not true.</doc>
<arguments>
<arg>${price} &gt;= ${min}</arg>
</arguments>
<status status="PASS" starttime="20210216 17:45:08.674" endtime="20210216 17:45:08.675"></status>
</kw>
<msg timestamp="20210216 17:45:08.675" level="INFO">${status} = True</msg>
<status status="PASS" starttime="20210216 17:45:08.674" endtime="20210216 17:45:08.675"></status>
</kw>
<kw name="Run Keyword If" library="BuiltIn">
<doc>Runs the given keyword with the given arguments, if ``condition`` is true.</doc>
<arguments>
<arg>${status}</arg>
<arg>Log to Console</arg>
<arg>\nPriceViacAkoMin</arg>
<arg>ELSE</arg>
<arg>Log To Console</arg>
<arg>FAIL Price is not in set limit</arg>
</arguments>
<kw name="Log To Console" library="BuiltIn">
<doc>Logs the given message to the console.</doc>
<arguments>
<arg>\nPriceViacAkoMin</arg>
</arguments>
<status status="PASS" starttime="20210216 17:45:08.675" endtime="20210216 17:45:08.675"></status>
</kw>
<status status="PASS" starttime="20210216 17:45:08.675" endtime="20210216 17:45:08.675"></status>
</kw>
<kw name="Set Variable" library="BuiltIn">
<doc>Returns the given values which can then be assigned to a variables.</doc>
<arguments>
<arg>${price}</arg>
</arguments>
<assign>
<var>${min}</var>
</assign>
<msg timestamp="20210216 17:45:08.676" level="INFO">${min} = 91.0</msg>
<status status="PASS" starttime="20210216 17:45:08.676" endtime="20210216 17:45:08.676"></status>
</kw>
<status status="PASS" starttime="20210216 17:45:08.643" endtime="20210216 17:45:08.676"></status>
</kw>
<kw name="${index} = 5" type="foritem">
<kw name="Get Text" library="SeleniumLibrary">
<doc>Returns the text value of the element identified by ``locator``.</doc>
<arguments>
<arg>//*[@id="boxes"]/div[${index}+1]/div[2]/div[1]/div/span[1]</arg>
</arguments>
<assign>
<var>${price}</var>
</assign>
<msg timestamp="20210216 17:45:08.701" level="INFO">${price} = 101,21 €</msg>
<status status="PASS" starttime="20210216 17:45:08.676" endtime="20210216 17:45:08.701"></status>
</kw>
<kw name="Fetch From Left" library="String">
<doc>Returns contents of the ``string`` before the first occurrence of ``marker``.</doc>
<arguments>
<arg>${price}</arg>
<arg>€</arg>
</arguments>
<assign>
<var>${price}</var>
</assign>
<msg timestamp="20210216 17:45:08.701" level="INFO">${price} = 101,21 </msg>
<status status="PASS" starttime="20210216 17:45:08.701" endtime="20210216 17:45:08.701"></status>
</kw>
<kw name="Fetch From Right" library="String">
<doc>Returns contents of the ``string`` after the last occurrence of ``marker``.</doc>
<arguments>
<arg>${price}</arg>
<arg>Od</arg>
</arguments>
<assign>
<var>${price}</var>
</assign>
<msg timestamp="20210216 17:45:08.701" level="INFO">${price} = 101,21 </msg>
<status status="PASS" starttime="20210216 17:45:08.701" endtime="20210216 17:45:08.702"></status>
</kw>
<kw name="Fetch From Left" library="String">
<doc>Returns contents of the ``string`` before the first occurrence of ``marker``.</doc>
<arguments>
<arg>${price}</arg>
<arg>,</arg>
</arguments>
<assign>
<var>${price}</var>
</assign>
<msg timestamp="20210216 17:45:08.702" level="INFO">${price} = 101</msg>
<status status="PASS" starttime="20210216 17:45:08.702" endtime="20210216 17:45:08.702"></status>
</kw>
<kw name="Convert To Number" library="BuiltIn">
<doc>Converts the given item to a floating point number.</doc>
<arguments>
<arg>${price}</arg>
</arguments>
<assign>
<var>${price}</var>
</assign>
<msg timestamp="20210216 17:45:08.702" level="INFO">${price} = 101.0</msg>
<status status="PASS" starttime="20210216 17:45:08.702" endtime="20210216 17:45:08.702"></status>
</kw>
<kw name="Convert To Number" library="BuiltIn">
<doc>Converts the given item to a floating point number.</doc>
<arguments>
<arg>${min}</arg>
</arguments>
<assign>
<var>${min}</var>
</assign>
<msg timestamp="20210216 17:45:08.702" level="INFO">${min} = 91.0</msg>
<status status="PASS" starttime="20210216 17:45:08.702" endtime="20210216 17:45:08.702"></status>
</kw>
<kw name="Run Keyword And Return Status" library="BuiltIn">
<doc>Runs the given keyword with given arguments and returns the status as a Boolean value.</doc>
<arguments>
<arg>Should Be True</arg>
<arg>${price} &gt;= ${min}</arg>
</arguments>
<assign>
<var>${status}</var>
</assign>
<kw name="Should Be True" library="BuiltIn">
<doc>Fails if the given condition is not true.</doc>
<arguments>
<arg>${price} &gt;= ${min}</arg>
</arguments>
<status status="PASS" starttime="20210216 17:45:08.703" endtime="20210216 17:45:08.703"></status>
</kw>
<msg timestamp="20210216 17:45:08.703" level="INFO">${status} = True</msg>
<status status="PASS" starttime="20210216 17:45:08.702" endtime="20210216 17:45:08.703"></status>
</kw>
<kw name="Run Keyword If" library="BuiltIn">
<doc>Runs the given keyword with the given arguments, if ``condition`` is true.</doc>
<arguments>
<arg>${status}</arg>
<arg>Log to Console</arg>
<arg>\nPriceViacAkoMin</arg>
<arg>ELSE</arg>
<arg>Log To Console</arg>
<arg>FAIL Price is not in set limit</arg>
</arguments>
<kw name="Log To Console" library="BuiltIn">
<doc>Logs the given message to the console.</doc>
<arguments>
<arg>\nPriceViacAkoMin</arg>
</arguments>
<status status="PASS" starttime="20210216 17:45:08.703" endtime="20210216 17:45:08.704"></status>
</kw>
<status status="PASS" starttime="20210216 17:45:08.703" endtime="20210216 17:45:08.704"></status>
</kw>
<kw name="Set Variable" library="BuiltIn">
<doc>Returns the given values which can then be assigned to a variables.</doc>
<arguments>
<arg>${price}</arg>
</arguments>
<assign>
<var>${min}</var>
</assign>
<msg timestamp="20210216 17:45:08.704" level="INFO">${min} = 101.0</msg>
<status status="PASS" starttime="20210216 17:45:08.704" endtime="20210216 17:45:08.704"></status>
</kw>
<status status="PASS" starttime="20210216 17:45:08.676" endtime="20210216 17:45:08.704"></status>
</kw>
<kw name="${index} = 6" type="foritem">
<kw name="Get Text" library="SeleniumLibrary">
<doc>Returns the text value of the element identified by ``locator``.</doc>
<arguments>
<arg>//*[@id="boxes"]/div[${index}+1]/div[2]/div[1]/div/span[1]</arg>
</arguments>
<assign>
<var>${price}</var>
</assign>
<msg timestamp="20210216 17:45:08.729" level="INFO">${price} = 124,90 €</msg>
<status status="PASS" starttime="20210216 17:45:08.704" endtime="20210216 17:45:08.729"></status>
</kw>
<kw name="Fetch From Left" library="String">
<doc>Returns contents of the ``string`` before the first occurrence of ``marker``.</doc>
<arguments>
<arg>${price}</arg>
<arg>€</arg>
</arguments>
<assign>
<var>${price}</var>
</assign>
<msg timestamp="20210216 17:45:08.730" level="INFO">${price} = 124,90 </msg>
<status status="PASS" starttime="20210216 17:45:08.729" endtime="20210216 17:45:08.730"></status>
</kw>
<kw name="Fetch From Right" library="String">
<doc>Returns contents of the ``string`` after the last occurrence of ``marker``.</doc>
<arguments>
<arg>${price}</arg>
<arg>Od</arg>
</arguments>
<assign>
<var>${price}</var>
</assign>
<msg timestamp="20210216 17:45:08.730" level="INFO">${price} = 124,90 </msg>
<status status="PASS" starttime="20210216 17:45:08.730" endtime="20210216 17:45:08.730"></status>
</kw>
<kw name="Fetch From Left" library="String">
<doc>Returns contents of the ``string`` before the first occurrence of ``marker``.</doc>
<arguments>
<arg>${price}</arg>
<arg>,</arg>
</arguments>
<assign>
<var>${price}</var>
</assign>
<msg timestamp="20210216 17:45:08.730" level="INFO">${price} = 124</msg>
<status status="PASS" starttime="20210216 17:45:08.730" endtime="20210216 17:45:08.730"></status>
</kw>
<kw name="Convert To Number" library="BuiltIn">
<doc>Converts the given item to a floating point number.</doc>
<arguments>
<arg>${price}</arg>
</arguments>
<assign>
<var>${price}</var>
</assign>
<msg timestamp="20210216 17:45:08.731" level="INFO">${price} = 124.0</msg>
<status status="PASS" starttime="20210216 17:45:08.730" endtime="20210216 17:45:08.731"></status>
</kw>
<kw name="Convert To Number" library="BuiltIn">
<doc>Converts the given item to a floating point number.</doc>
<arguments>
<arg>${min}</arg>
</arguments>
<assign>
<var>${min}</var>
</assign>
<msg timestamp="20210216 17:45:08.731" level="INFO">${min} = 101.0</msg>
<status status="PASS" starttime="20210216 17:45:08.731" endtime="20210216 17:45:08.731"></status>
</kw>
<kw name="Run Keyword And Return Status" library="BuiltIn">
<doc>Runs the given keyword with given arguments and returns the status as a Boolean value.</doc>
<arguments>
<arg>Should Be True</arg>
<arg>${price} &gt;= ${min}</arg>
</arguments>
<assign>
<var>${status}</var>
</assign>
<kw name="Should Be True" library="BuiltIn">
<doc>Fails if the given condition is not true.</doc>
<arguments>
<arg>${price} &gt;= ${min}</arg>
</arguments>
<status status="PASS" starttime="20210216 17:45:08.731" endtime="20210216 17:45:08.732"></status>
</kw>
<msg timestamp="20210216 17:45:08.732" level="INFO">${status} = True</msg>
<status status="PASS" starttime="20210216 17:45:08.731" endtime="20210216 17:45:08.732"></status>
</kw>
<kw name="Run Keyword If" library="BuiltIn">
<doc>Runs the given keyword with the given arguments, if ``condition`` is true.</doc>
<arguments>
<arg>${status}</arg>
<arg>Log to Console</arg>
<arg>\nPriceViacAkoMin</arg>
<arg>ELSE</arg>
<arg>Log To Console</arg>
<arg>FAIL Price is not in set limit</arg>
</arguments>
<kw name="Log To Console" library="BuiltIn">
<doc>Logs the given message to the console.</doc>
<arguments>
<arg>\nPriceViacAkoMin</arg>
</arguments>
<status status="PASS" starttime="20210216 17:45:08.732" endtime="20210216 17:45:08.732"></status>
</kw>
<status status="PASS" starttime="20210216 17:45:08.732" endtime="20210216 17:45:08.732"></status>
</kw>
<kw name="Set Variable" library="BuiltIn">
<doc>Returns the given values which can then be assigned to a variables.</doc>
<arguments>
<arg>${price}</arg>
</arguments>
<assign>
<var>${min}</var>
</assign>
<msg timestamp="20210216 17:45:08.732" level="INFO">${min} = 124.0</msg>
<status status="PASS" starttime="20210216 17:45:08.732" endtime="20210216 17:45:08.733"></status>
</kw>
<status status="PASS" starttime="20210216 17:45:08.704" endtime="20210216 17:45:08.733"></status>
</kw>
<kw name="${index} = 7" type="foritem">
<kw name="Get Text" library="SeleniumLibrary">
<doc>Returns the text value of the element identified by ``locator``.</doc>
<arguments>
<arg>//*[@id="boxes"]/div[${index}+1]/div[2]/div[1]/div/span[1]</arg>
</arguments>
<assign>
<var>${price}</var>
</assign>
<msg timestamp="20210216 17:45:08.764" level="INFO">${price} = 184,90 €</msg>
<status status="PASS" starttime="20210216 17:45:08.733" endtime="20210216 17:45:08.764"></status>
</kw>
<kw name="Fetch From Left" library="String">
<doc>Returns contents of the ``string`` before the first occurrence of ``marker``.</doc>
<arguments>
<arg>${price}</arg>
<arg>€</arg>
</arguments>
<assign>
<var>${price}</var>
</assign>
<msg timestamp="20210216 17:45:08.764" level="INFO">${price} = 184,90 </msg>
<status status="PASS" starttime="20210216 17:45:08.764" endtime="20210216 17:45:08.765"></status>
</kw>
<kw name="Fetch From Right" library="String">
<doc>Returns contents of the ``string`` after the last occurrence of ``marker``.</doc>
<arguments>
<arg>${price}</arg>
<arg>Od</arg>
</arguments>
<assign>
<var>${price}</var>
</assign>
<msg timestamp="20210216 17:45:08.765" level="INFO">${price} = 184,90 </msg>
<status status="PASS" starttime="20210216 17:45:08.765" endtime="20210216 17:45:08.765"></status>
</kw>
<kw name="Fetch From Left" library="String">
<doc>Returns contents of the ``string`` before the first occurrence of ``marker``.</doc>
<arguments>
<arg>${price}</arg>
<arg>,</arg>
</arguments>
<assign>
<var>${price}</var>
</assign>
<msg timestamp="20210216 17:45:08.765" level="INFO">${price} = 184</msg>
<status status="PASS" starttime="20210216 17:45:08.765" endtime="20210216 17:45:08.765"></status>
</kw>
<kw name="Convert To Number" library="BuiltIn">
<doc>Converts the given item to a floating point number.</doc>
<arguments>
<arg>${price}</arg>
</arguments>
<assign>
<var>${price}</var>
</assign>
<msg timestamp="20210216 17:45:08.765" level="INFO">${price} = 184.0</msg>
<status status="PASS" starttime="20210216 17:45:08.765" endtime="20210216 17:45:08.765"></status>
</kw>
<kw name="Convert To Number" library="BuiltIn">
<doc>Converts the given item to a floating point number.</doc>
<arguments>
<arg>${min}</arg>
</arguments>
<assign>
<var>${min}</var>
</assign>
<msg timestamp="20210216 17:45:08.766" level="INFO">${min} = 124.0</msg>
<status status="PASS" starttime="20210216 17:45:08.765" endtime="20210216 17:45:08.766"></status>
</kw>
<kw name="Run Keyword And Return Status" library="BuiltIn">
<doc>Runs the given keyword with given arguments and returns the status as a Boolean value.</doc>
<arguments>
<arg>Should Be True</arg>
<arg>${price} &gt;= ${min}</arg>
</arguments>
<assign>
<var>${status}</var>
</assign>
<kw name="Should Be True" library="BuiltIn">
<doc>Fails if the given condition is not true.</doc>
<arguments>
<arg>${price} &gt;= ${min}</arg>
</arguments>
<status status="PASS" starttime="20210216 17:45:08.766" endtime="20210216 17:45:08.766"></status>
</kw>
<msg timestamp="20210216 17:45:08.766" level="INFO">${status} = True</msg>
<status status="PASS" starttime="20210216 17:45:08.766" endtime="20210216 17:45:08.766"></status>
</kw>
<kw name="Run Keyword If" library="BuiltIn">
<doc>Runs the given keyword with the given arguments, if ``condition`` is true.</doc>
<arguments>
<arg>${status}</arg>
<arg>Log to Console</arg>
<arg>\nPriceViacAkoMin</arg>
<arg>ELSE</arg>
<arg>Log To Console</arg>
<arg>FAIL Price is not in set limit</arg>
</arguments>
<kw name="Log To Console" library="BuiltIn">
<doc>Logs the given message to the console.</doc>
<arguments>
<arg>\nPriceViacAkoMin</arg>
</arguments>
<status status="PASS" starttime="20210216 17:45:08.767" endtime="20210216 17:45:08.767"></status>
</kw>
<status status="PASS" starttime="20210216 17:45:08.766" endtime="20210216 17:45:08.767"></status>
</kw>
<kw name="Set Variable" library="BuiltIn">
<doc>Returns the given values which can then be assigned to a variables.</doc>
<arguments>
<arg>${price}</arg>
</arguments>
<assign>
<var>${min}</var>
</assign>
<msg timestamp="20210216 17:45:08.767" level="INFO">${min} = 184.0</msg>
<status status="PASS" starttime="20210216 17:45:08.767" endtime="20210216 17:45:08.767"></status>
</kw>
<status status="PASS" starttime="20210216 17:45:08.733" endtime="20210216 17:45:08.767"></status>
</kw>
<kw name="${index} = 8" type="foritem">
<kw name="Get Text" library="SeleniumLibrary">
<doc>Returns the text value of the element identified by ``locator``.</doc>
<arguments>
<arg>//*[@id="boxes"]/div[${index}+1]/div[2]/div[1]/div/span[1]</arg>
</arguments>
<assign>
<var>${price}</var>
</assign>
<msg timestamp="20210216 17:45:08.793" level="INFO">${price} = 188,90 €</msg>
<status status="PASS" starttime="20210216 17:45:08.767" endtime="20210216 17:45:08.793"></status>
</kw>
<kw name="Fetch From Left" library="String">
<doc>Returns contents of the ``string`` before the first occurrence of ``marker``.</doc>
<arguments>
<arg>${price}</arg>
<arg>€</arg>
</arguments>
<assign>
<var>${price}</var>
</assign>
<msg timestamp="20210216 17:45:08.794" level="INFO">${price} = 188,90 </msg>
<status status="PASS" starttime="20210216 17:45:08.793" endtime="20210216 17:45:08.794"></status>
</kw>
<kw name="Fetch From Right" library="String">
<doc>Returns contents of the ``string`` after the last occurrence of ``marker``.</doc>
<arguments>
<arg>${price}</arg>
<arg>Od</arg>
</arguments>
<assign>
<var>${price}</var>
</assign>
<msg timestamp="20210216 17:45:08.794" level="INFO">${price} = 188,90 </msg>
<status status="PASS" starttime="20210216 17:45:08.794" endtime="20210216 17:45:08.794"></status>
</kw>
<kw name="Fetch From Left" library="String">
<doc>Returns contents of the ``string`` before the first occurrence of ``marker``.</doc>
<arguments>
<arg>${price}</arg>
<arg>,</arg>
</arguments>
<assign>
<var>${price}</var>
</assign>
<msg timestamp="20210216 17:45:08.794" level="INFO">${price} = 188</msg>
<status status="PASS" starttime="20210216 17:45:08.794" endtime="20210216 17:45:08.794"></status>
</kw>
<kw name="Convert To Number" library="BuiltIn">
<doc>Converts the given item to a floating point number.</doc>
<arguments>
<arg>${price}</arg>
</arguments>
<assign>
<var>${price}</var>
</assign>
<msg timestamp="20210216 17:45:08.794" level="INFO">${price} = 188.0</msg>
<status status="PASS" starttime="20210216 17:45:08.794" endtime="20210216 17:45:08.794"></status>
</kw>
<kw name="Convert To Number" library="BuiltIn">
<doc>Converts the given item to a floating point number.</doc>
<arguments>
<arg>${min}</arg>
</arguments>
<assign>
<var>${min}</var>
</assign>
<msg timestamp="20210216 17:45:08.795" level="INFO">${min} = 184.0</msg>
<status status="PASS" starttime="20210216 17:45:08.795" endtime="20210216 17:45:08.795"></status>
</kw>
<kw name="Run Keyword And Return Status" library="BuiltIn">
<doc>Runs the given keyword with given arguments and returns the status as a Boolean value.</doc>
<arguments>
<arg>Should Be True</arg>
<arg>${price} &gt;= ${min}</arg>
</arguments>
<assign>
<var>${status}</var>
</assign>
<kw name="Should Be True" library="BuiltIn">
<doc>Fails if the given condition is not true.</doc>
<arguments>
<arg>${price} &gt;= ${min}</arg>
</arguments>
<status status="PASS" starttime="20210216 17:45:08.795" endtime="20210216 17:45:08.795"></status>
</kw>
<msg timestamp="20210216 17:45:08.796" level="INFO">${status} = True</msg>
<status status="PASS" starttime="20210216 17:45:08.795" endtime="20210216 17:45:08.796"></status>
</kw>
<kw name="Run Keyword If" library="BuiltIn">
<doc>Runs the given keyword with the given arguments, if ``condition`` is true.</doc>
<arguments>
<arg>${status}</arg>
<arg>Log to Console</arg>
<arg>\nPriceViacAkoMin</arg>
<arg>ELSE</arg>
<arg>Log To Console</arg>
<arg>FAIL Price is not in set limit</arg>
</arguments>
<kw name="Log To Console" library="BuiltIn">
<doc>Logs the given message to the console.</doc>
<arguments>
<arg>\nPriceViacAkoMin</arg>
</arguments>
<status status="PASS" starttime="20210216 17:45:08.796" endtime="20210216 17:45:08.796"></status>
</kw>
<status status="PASS" starttime="20210216 17:45:08.796" endtime="20210216 17:45:08.796"></status>
</kw>
<kw name="Set Variable" library="BuiltIn">
<doc>Returns the given values which can then be assigned to a variables.</doc>
<arguments>
<arg>${price}</arg>
</arguments>
<assign>
<var>${min}</var>
</assign>
<msg timestamp="20210216 17:45:08.796" level="INFO">${min} = 188.0</msg>
<status status="PASS" starttime="20210216 17:45:08.796" endtime="20210216 17:45:08.796"></status>
</kw>
<status status="PASS" starttime="20210216 17:45:08.767" endtime="20210216 17:45:08.796"></status>
</kw>
<kw name="${index} = 9" type="foritem">
<kw name="Get Text" library="SeleniumLibrary">
<doc>Returns the text value of the element identified by ``locator``.</doc>
<arguments>
<arg>//*[@id="boxes"]/div[${index}+1]/div[2]/div[1]/div/span[1]</arg>
</arguments>
<assign>
<var>${price}</var>
</assign>
<msg timestamp="20210216 17:45:08.821" level="INFO">${price} = 190,90 €</msg>
<status status="PASS" starttime="20210216 17:45:08.797" endtime="20210216 17:45:08.821"></status>
</kw>
<kw name="Fetch From Left" library="String">
<doc>Returns contents of the ``string`` before the first occurrence of ``marker``.</doc>
<arguments>
<arg>${price}</arg>
<arg>€</arg>
</arguments>
<assign>
<var>${price}</var>
</assign>
<msg timestamp="20210216 17:45:08.821" level="INFO">${price} = 190,90 </msg>
<status status="PASS" starttime="20210216 17:45:08.821" endtime="20210216 17:45:08.821"></status>
</kw>
<kw name="Fetch From Right" library="String">
<doc>Returns contents of the ``string`` after the last occurrence of ``marker``.</doc>
<arguments>
<arg>${price}</arg>
<arg>Od</arg>
</arguments>
<assign>
<var>${price}</var>
</assign>
<msg timestamp="20210216 17:45:08.821" level="INFO">${price} = 190,90 </msg>
<status status="PASS" starttime="20210216 17:45:08.821" endtime="20210216 17:45:08.821"></status>
</kw>
<kw name="Fetch From Left" library="String">
<doc>Returns contents of the ``string`` before the first occurrence of ``marker``.</doc>
<arguments>
<arg>${price}</arg>
<arg>,</arg>
</arguments>
<assign>
<var>${price}</var>
</assign>
<msg timestamp="20210216 17:45:08.822" level="INFO">${price} = 190</msg>
<status status="PASS" starttime="20210216 17:45:08.821" endtime="20210216 17:45:08.822"></status>
</kw>
<kw name="Convert To Number" library="BuiltIn">
<doc>Converts the given item to a floating point number.</doc>
<arguments>
<arg>${price}</arg>
</arguments>
<assign>
<var>${price}</var>
</assign>
<msg timestamp="20210216 17:45:08.822" level="INFO">${price} = 190.0</msg>
<status status="PASS" starttime="20210216 17:45:08.822" endtime="20210216 17:45:08.822"></status>
</kw>
<kw name="Convert To Number" library="BuiltIn">
<doc>Converts the given item to a floating point number.</doc>
<arguments>
<arg>${min}</arg>
</arguments>
<assign>
<var>${min}</var>
</assign>
<msg timestamp="20210216 17:45:08.822" level="INFO">${min} = 188.0</msg>
<status status="PASS" starttime="20210216 17:45:08.822" endtime="20210216 17:45:08.822"></status>
</kw>
<kw name="Run Keyword And Return Status" library="BuiltIn">
<doc>Runs the given keyword with given arguments and returns the status as a Boolean value.</doc>
<arguments>
<arg>Should Be True</arg>
<arg>${price} &gt;= ${min}</arg>
</arguments>
<assign>
<var>${status}</var>
</assign>
<kw name="Should Be True" library="BuiltIn">
<doc>Fails if the given condition is not true.</doc>
<arguments>
<arg>${price} &gt;= ${min}</arg>
</arguments>
<status status="PASS" starttime="20210216 17:45:08.822" endtime="20210216 17:45:08.823"></status>
</kw>
<msg timestamp="20210216 17:45:08.823" level="INFO">${status} = True</msg>
<status status="PASS" starttime="20210216 17:45:08.822" endtime="20210216 17:45:08.823"></status>
</kw>
<kw name="Run Keyword If" library="BuiltIn">
<doc>Runs the given keyword with the given arguments, if ``condition`` is true.</doc>
<arguments>
<arg>${status}</arg>
<arg>Log to Console</arg>
<arg>\nPriceViacAkoMin</arg>
<arg>ELSE</arg>
<arg>Log To Console</arg>
<arg>FAIL Price is not in set limit</arg>
</arguments>
<kw name="Log To Console" library="BuiltIn">
<doc>Logs the given message to the console.</doc>
<arguments>
<arg>\nPriceViacAkoMin</arg>
</arguments>
<status status="PASS" starttime="20210216 17:45:08.823" endtime="20210216 17:45:08.823"></status>
</kw>
<status status="PASS" starttime="20210216 17:45:08.823" endtime="20210216 17:45:08.823"></status>
</kw>
<kw name="Set Variable" library="BuiltIn">
<doc>Returns the given values which can then be assigned to a variables.</doc>
<arguments>
<arg>${price}</arg>
</arguments>
<assign>
<var>${min}</var>
</assign>
<msg timestamp="20210216 17:45:08.824" level="INFO">${min} = 190.0</msg>
<status status="PASS" starttime="20210216 17:45:08.824" endtime="20210216 17:45:08.824"></status>
</kw>
<status status="PASS" starttime="20210216 17:45:08.796" endtime="20210216 17:45:08.824"></status>
</kw>
<kw name="${index} = 10" type="foritem">
<kw name="Get Text" library="SeleniumLibrary">
<doc>Returns the text value of the element identified by ``locator``.</doc>
<arguments>
<arg>//*[@id="boxes"]/div[${index}+1]/div[2]/div[1]/div/span[1]</arg>
</arguments>
<assign>
<var>${price}</var>
</assign>
<msg timestamp="20210216 17:45:08.847" level="INFO">${price} = 198,90 €</msg>
<status status="PASS" starttime="20210216 17:45:08.824" endtime="20210216 17:45:08.847"></status>
</kw>
<kw name="Fetch From Left" library="String">
<doc>Returns contents of the ``string`` before the first occurrence of ``marker``.</doc>
<arguments>
<arg>${price}</arg>
<arg>€</arg>
</arguments>
<assign>
<var>${price}</var>
</assign>
<msg timestamp="20210216 17:45:08.848" level="INFO">${price} = 198,90 </msg>
<status status="PASS" starttime="20210216 17:45:08.848" endtime="20210216 17:45:08.848"></status>
</kw>
<kw name="Fetch From Right" library="String">
<doc>Returns contents of the ``string`` after the last occurrence of ``marker``.</doc>
<arguments>
<arg>${price}</arg>
<arg>Od</arg>
</arguments>
<assign>
<var>${price}</var>
</assign>
<msg timestamp="20210216 17:45:08.848" level="INFO">${price} = 198,90 </msg>
<status status="PASS" starttime="20210216 17:45:08.848" endtime="20210216 17:45:08.848"></status>
</kw>
<kw name="Fetch From Left" library="String">
<doc>Returns contents of the ``string`` before the first occurrence of ``marker``.</doc>
<arguments>
<arg>${price}</arg>
<arg>,</arg>
</arguments>
<assign>
<var>${price}</var>
</assign>
<msg timestamp="20210216 17:45:08.849" level="INFO">${price} = 198</msg>
<status status="PASS" starttime="20210216 17:45:08.848" endtime="20210216 17:45:08.849"></status>
</kw>
<kw name="Convert To Number" library="BuiltIn">
<doc>Converts the given item to a floating point number.</doc>
<arguments>
<arg>${price}</arg>
</arguments>
<assign>
<var>${price}</var>
</assign>
<msg timestamp="20210216 17:45:08.849" level="INFO">${price} = 198.0</msg>
<status status="PASS" starttime="20210216 17:45:08.849" endtime="20210216 17:45:08.849"></status>
</kw>
<kw name="Convert To Number" library="BuiltIn">
<doc>Converts the given item to a floating point number.</doc>
<arguments>
<arg>${min}</arg>
</arguments>
<assign>
<var>${min}</var>
</assign>
<msg timestamp="20210216 17:45:08.849" level="INFO">${min} = 190.0</msg>
<status status="PASS" starttime="20210216 17:45:08.849" endtime="20210216 17:45:08.849"></status>
</kw>
<kw name="Run Keyword And Return Status" library="BuiltIn">
<doc>Runs the given keyword with given arguments and returns the status as a Boolean value.</doc>
<arguments>
<arg>Should Be True</arg>
<arg>${price} &gt;= ${min}</arg>
</arguments>
<assign>
<var>${status}</var>
</assign>
<kw name="Should Be True" library="BuiltIn">
<doc>Fails if the given condition is not true.</doc>
<arguments>
<arg>${price} &gt;= ${min}</arg>
</arguments>
<status status="PASS" starttime="20210216 17:45:08.849" endtime="20210216 17:45:08.850"></status>
</kw>
<msg timestamp="20210216 17:45:08.850" level="INFO">${status} = True</msg>
<status status="PASS" starttime="20210216 17:45:08.849" endtime="20210216 17:45:08.850"></status>
</kw>
<kw name="Run Keyword If" library="BuiltIn">
<doc>Runs the given keyword with the given arguments, if ``condition`` is true.</doc>
<arguments>
<arg>${status}</arg>
<arg>Log to Console</arg>
<arg>\nPriceViacAkoMin</arg>
<arg>ELSE</arg>
<arg>Log To Console</arg>
<arg>FAIL Price is not in set limit</arg>
</arguments>
<kw name="Log To Console" library="BuiltIn">
<doc>Logs the given message to the console.</doc>
<arguments>
<arg>\nPriceViacAkoMin</arg>
</arguments>
<status status="PASS" starttime="20210216 17:45:08.850" endtime="20210216 17:45:08.850"></status>
</kw>
<status status="PASS" starttime="20210216 17:45:08.850" endtime="20210216 17:45:08.850"></status>
</kw>
<kw name="Set Variable" library="BuiltIn">
<doc>Returns the given values which can then be assigned to a variables.</doc>
<arguments>
<arg>${price}</arg>
</arguments>
<assign>
<var>${min}</var>
</assign>
<msg timestamp="20210216 17:45:08.851" level="INFO">${min} = 198.0</msg>
<status status="PASS" starttime="20210216 17:45:08.850" endtime="20210216 17:45:08.851"></status>
</kw>
<status status="PASS" starttime="20210216 17:45:08.824" endtime="20210216 17:45:08.851"></status>
</kw>
<kw name="${index} = 11" type="foritem">
<kw name="Get Text" library="SeleniumLibrary">
<doc>Returns the text value of the element identified by ``locator``.</doc>
<arguments>
<arg>//*[@id="boxes"]/div[${index}+1]/div[2]/div[1]/div/span[1]</arg>
</arguments>
<assign>
<var>${price}</var>
</assign>
<msg timestamp="20210216 17:45:08.885" level="INFO">${price} = 203,90 €</msg>
<status status="PASS" starttime="20210216 17:45:08.851" endtime="20210216 17:45:08.885"></status>
</kw>
<kw name="Fetch From Left" library="String">
<doc>Returns contents of the ``string`` before the first occurrence of ``marker``.</doc>
<arguments>
<arg>${price}</arg>
<arg>€</arg>
</arguments>
<assign>
<var>${price}</var>
</assign>
<msg timestamp="20210216 17:45:08.886" level="INFO">${price} = 203,90 </msg>
<status status="PASS" starttime="20210216 17:45:08.886" endtime="20210216 17:45:08.886"></status>
</kw>
<kw name="Fetch From Right" library="String">
<doc>Returns contents of the ``string`` after the last occurrence of ``marker``.</doc>
<arguments>
<arg>${price}</arg>
<arg>Od</arg>
</arguments>
<assign>
<var>${price}</var>
</assign>
<msg timestamp="20210216 17:45:08.886" level="INFO">${price} = 203,90 </msg>
<status status="PASS" starttime="20210216 17:45:08.886" endtime="20210216 17:45:08.886"></status>
</kw>
<kw name="Fetch From Left" library="String">
<doc>Returns contents of the ``string`` before the first occurrence of ``marker``.</doc>
<arguments>
<arg>${price}</arg>
<arg>,</arg>
</arguments>
<assign>
<var>${price}</var>
</assign>
<msg timestamp="20210216 17:45:08.886" level="INFO">${price} = 203</msg>
<status status="PASS" starttime="20210216 17:45:08.886" endtime="20210216 17:45:08.886"></status>
</kw>
<kw name="Convert To Number" library="BuiltIn">
<doc>Converts the given item to a floating point number.</doc>
<arguments>
<arg>${price}</arg>
</arguments>
<assign>
<var>${price}</var>
</assign>
<msg timestamp="20210216 17:45:08.887" level="INFO">${price} = 203.0</msg>
<status status="PASS" starttime="20210216 17:45:08.886" endtime="20210216 17:45:08.887"></status>
</kw>
<kw name="Convert To Number" library="BuiltIn">
<doc>Converts the given item to a floating point number.</doc>
<arguments>
<arg>${min}</arg>
</arguments>
<assign>
<var>${min}</var>
</assign>
<msg timestamp="20210216 17:45:08.887" level="INFO">${min} = 198.0</msg>
<status status="PASS" starttime="20210216 17:45:08.887" endtime="20210216 17:45:08.887"></status>
</kw>
<kw name="Run Keyword And Return Status" library="BuiltIn">
<doc>Runs the given keyword with given arguments and returns the status as a Boolean value.</doc>
<arguments>
<arg>Should Be True</arg>
<arg>${price} &gt;= ${min}</arg>
</arguments>
<assign>
<var>${status}</var>
</assign>
<kw name="Should Be True" library="BuiltIn">
<doc>Fails if the given condition is not true.</doc>
<arguments>
<arg>${price} &gt;= ${min}</arg>
</arguments>
<status status="PASS" starttime="20210216 17:45:08.887" endtime="20210216 17:45:08.888"></status>
</kw>
<msg timestamp="20210216 17:45:08.888" level="INFO">${status} = True</msg>
<status status="PASS" starttime="20210216 17:45:08.887" endtime="20210216 17:45:08.888"></status>
</kw>
<kw name="Run Keyword If" library="BuiltIn">
<doc>Runs the given keyword with the given arguments, if ``condition`` is true.</doc>
<arguments>
<arg>${status}</arg>
<arg>Log to Console</arg>
<arg>\nPriceViacAkoMin</arg>
<arg>ELSE</arg>
<arg>Log To Console</arg>
<arg>FAIL Price is not in set limit</arg>
</arguments>
<kw name="Log To Console" library="BuiltIn">
<doc>Logs the given message to the console.</doc>
<arguments>
<arg>\nPriceViacAkoMin</arg>
</arguments>
<status status="PASS" starttime="20210216 17:45:08.888" endtime="20210216 17:45:08.888"></status>
</kw>
<status status="PASS" starttime="20210216 17:45:08.888" endtime="20210216 17:45:08.888"></status>
</kw>
<kw name="Set Variable" library="BuiltIn">
<doc>Returns the given values which can then be assigned to a variables.</doc>
<arguments>
<arg>${price}</arg>
</arguments>
<assign>
<var>${min}</var>
</assign>
<msg timestamp="20210216 17:45:08.889" level="INFO">${min} = 203.0</msg>
<status status="PASS" starttime="20210216 17:45:08.888" endtime="20210216 17:45:08.889"></status>
</kw>
<status status="PASS" starttime="20210216 17:45:08.851" endtime="20210216 17:45:08.889"></status>
</kw>
<kw name="${index} = 12" type="foritem">
<kw name="Get Text" library="SeleniumLibrary">
<doc>Returns the text value of the element identified by ``locator``.</doc>
<arguments>
<arg>//*[@id="boxes"]/div[${index}+1]/div[2]/div[1]/div/span[1]</arg>
</arguments>
<assign>
<var>${price}</var>
</assign>
<msg timestamp="20210216 17:45:08.931" level="INFO">${price} = 206,90 €</msg>
<status status="PASS" starttime="20210216 17:45:08.889" endtime="20210216 17:45:08.931"></status>
</kw>
<kw name="Fetch From Left" library="String">
<doc>Returns contents of the ``string`` before the first occurrence of ``marker``.</doc>
<arguments>
<arg>${price}</arg>
<arg>€</arg>
</arguments>
<assign>
<var>${price}</var>
</assign>
<msg timestamp="20210216 17:45:08.931" level="INFO">${price} = 206,90 </msg>
<status status="PASS" starttime="20210216 17:45:08.931" endtime="20210216 17:45:08.931"></status>
</kw>
<kw name="Fetch From Right" library="String">
<doc>Returns contents of the ``string`` after the last occurrence of ``marker``.</doc>
<arguments>
<arg>${price}</arg>
<arg>Od</arg>
</arguments>
<assign>
<var>${price}</var>
</assign>
<msg timestamp="20210216 17:45:08.932" level="INFO">${price} = 206,90 </msg>
<status status="PASS" starttime="20210216 17:45:08.931" endtime="20210216 17:45:08.932"></status>
</kw>
<kw name="Fetch From Left" library="String">
<doc>Returns contents of the ``string`` before the first occurrence of ``marker``.</doc>
<arguments>
<arg>${price}</arg>
<arg>,</arg>
</arguments>
<assign>
<var>${price}</var>
</assign>
<msg timestamp="20210216 17:45:08.932" level="INFO">${price} = 206</msg>
<status status="PASS" starttime="20210216 17:45:08.932" endtime="20210216 17:45:08.932"></status>
</kw>
<kw name="Convert To Number" library="BuiltIn">
<doc>Converts the given item to a floating point number.</doc>
<arguments>
<arg>${price}</arg>
</arguments>
<assign>
<var>${price}</var>
</assign>
<msg timestamp="20210216 17:45:08.932" level="INFO">${price} = 206.0</msg>
<status status="PASS" starttime="20210216 17:45:08.932" endtime="20210216 17:45:08.932"></status>
</kw>
<kw name="Convert To Number" library="BuiltIn">
<doc>Converts the given item to a floating point number.</doc>
<arguments>
<arg>${min}</arg>
</arguments>
<assign>
<var>${min}</var>
</assign>
<msg timestamp="20210216 17:45:08.933" level="INFO">${min} = 203.0</msg>
<status status="PASS" starttime="20210216 17:45:08.932" endtime="20210216 17:45:08.933"></status>
</kw>
<kw name="Run Keyword And Return Status" library="BuiltIn">
<doc>Runs the given keyword with given arguments and returns the status as a Boolean value.</doc>
<arguments>
<arg>Should Be True</arg>
<arg>${price} &gt;= ${min}</arg>
</arguments>
<assign>
<var>${status}</var>
</assign>
<kw name="Should Be True" library="BuiltIn">
<doc>Fails if the given condition is not true.</doc>
<arguments>
<arg>${price} &gt;= ${min}</arg>
</arguments>
<status status="PASS" starttime="20210216 17:45:08.933" endtime="20210216 17:45:08.933"></status>
</kw>
<msg timestamp="20210216 17:45:08.933" level="INFO">${status} = True</msg>
<status status="PASS" starttime="20210216 17:45:08.933" endtime="20210216 17:45:08.933"></status>
</kw>
<kw name="Run Keyword If" library="BuiltIn">
<doc>Runs the given keyword with the given arguments, if ``condition`` is true.</doc>
<arguments>
<arg>${status}</arg>
<arg>Log to Console</arg>
<arg>\nPriceViacAkoMin</arg>
<arg>ELSE</arg>
<arg>Log To Console</arg>
<arg>FAIL Price is not in set limit</arg>
</arguments>
<kw name="Log To Console" library="BuiltIn">
<doc>Logs the given message to the console.</doc>
<arguments>
<arg>\nPriceViacAkoMin</arg>
</arguments>
<status status="PASS" starttime="20210216 17:45:08.933" endtime="20210216 17:45:08.934"></status>
</kw>
<status status="PASS" starttime="20210216 17:45:08.933" endtime="20210216 17:45:08.934"></status>
</kw>
<kw name="Set Variable" library="BuiltIn">
<doc>Returns the given values which can then be assigned to a variables.</doc>
<arguments>
<arg>${price}</arg>
</arguments>
<assign>
<var>${min}</var>
</assign>
<msg timestamp="20210216 17:45:08.934" level="INFO">${min} = 206.0</msg>
<status status="PASS" starttime="20210216 17:45:08.934" endtime="20210216 17:45:08.934"></status>
</kw>
<status status="PASS" starttime="20210216 17:45:08.889" endtime="20210216 17:45:08.934"></status>
</kw>
<kw name="${index} = 13" type="foritem">
<kw name="Get Text" library="SeleniumLibrary">
<doc>Returns the text value of the element identified by ``locator``.</doc>
<arguments>
<arg>//*[@id="boxes"]/div[${index}+1]/div[2]/div[1]/div/span[1]</arg>
</arguments>
<assign>
<var>${price}</var>
</assign>
<msg timestamp="20210216 17:45:08.960" level="INFO">${price} = 207,90 €</msg>
<status status="PASS" starttime="20210216 17:45:08.934" endtime="20210216 17:45:08.960"></status>
</kw>
<kw name="Fetch From Left" library="String">
<doc>Returns contents of the ``string`` before the first occurrence of ``marker``.</doc>
<arguments>
<arg>${price}</arg>
<arg>€</arg>
</arguments>
<assign>
<var>${price}</var>
</assign>
<msg timestamp="20210216 17:45:08.961" level="INFO">${price} = 207,90 </msg>
<status status="PASS" starttime="20210216 17:45:08.960" endtime="20210216 17:45:08.961"></status>
</kw>
<kw name="Fetch From Right" library="String">
<doc>Returns contents of the ``string`` after the last occurrence of ``marker``.</doc>
<arguments>
<arg>${price}</arg>
<arg>Od</arg>
</arguments>
<assign>
<var>${price}</var>
</assign>
<msg timestamp="20210216 17:45:08.961" level="INFO">${price} = 207,90 </msg>
<status status="PASS" starttime="20210216 17:45:08.961" endtime="20210216 17:45:08.961"></status>
</kw>
<kw name="Fetch From Left" library="String">
<doc>Returns contents of the ``string`` before the first occurrence of ``marker``.</doc>
<arguments>
<arg>${price}</arg>
<arg>,</arg>
</arguments>
<assign>
<var>${price}</var>
</assign>
<msg timestamp="20210216 17:45:08.961" level="INFO">${price} = 207</msg>
<status status="PASS" starttime="20210216 17:45:08.961" endtime="20210216 17:45:08.961"></status>
</kw>
<kw name="Convert To Number" library="BuiltIn">
<doc>Converts the given item to a floating point number.</doc>
<arguments>
<arg>${price}</arg>
</arguments>
<assign>
<var>${price}</var>
</assign>
<msg timestamp="20210216 17:45:08.962" level="INFO">${price} = 207.0</msg>
<status status="PASS" starttime="20210216 17:45:08.961" endtime="20210216 17:45:08.962"></status>
</kw>
<kw name="Convert To Number" library="BuiltIn">
<doc>Converts the given item to a floating point number.</doc>
<arguments>
<arg>${min}</arg>
</arguments>
<assign>
<var>${min}</var>
</assign>
<msg timestamp="20210216 17:45:08.962" level="INFO">${min} = 206.0</msg>
<status status="PASS" starttime="20210216 17:45:08.962" endtime="20210216 17:45:08.962"></status>
</kw>
<kw name="Run Keyword And Return Status" library="BuiltIn">
<doc>Runs the given keyword with given arguments and returns the status as a Boolean value.</doc>
<arguments>
<arg>Should Be True</arg>
<arg>${price} &gt;= ${min}</arg>
</arguments>
<assign>
<var>${status}</var>
</assign>
<kw name="Should Be True" library="BuiltIn">
<doc>Fails if the given condition is not true.</doc>
<arguments>
<arg>${price} &gt;= ${min}</arg>
</arguments>
<status status="PASS" starttime="20210216 17:45:08.962" endtime="20210216 17:45:08.963"></status>
</kw>
<msg timestamp="20210216 17:45:08.963" level="INFO">${status} = True</msg>
<status status="PASS" starttime="20210216 17:45:08.962" endtime="20210216 17:45:08.963"></status>
</kw>
<kw name="Run Keyword If" library="BuiltIn">
<doc>Runs the given keyword with the given arguments, if ``condition`` is true.</doc>
<arguments>
<arg>${status}</arg>
<arg>Log to Console</arg>
<arg>\nPriceViacAkoMin</arg>
<arg>ELSE</arg>
<arg>Log To Console</arg>
<arg>FAIL Price is not in set limit</arg>
</arguments>
<kw name="Log To Console" library="BuiltIn">
<doc>Logs the given message to the console.</doc>
<arguments>
<arg>\nPriceViacAkoMin</arg>
</arguments>
<status status="PASS" starttime="20210216 17:45:08.963" endtime="20210216 17:45:08.963"></status>
</kw>
<status status="PASS" starttime="20210216 17:45:08.963" endtime="20210216 17:45:08.964"></status>
</kw>
<kw name="Set Variable" library="BuiltIn">
<doc>Returns the given values which can then be assigned to a variables.</doc>
<arguments>
<arg>${price}</arg>
</arguments>
<assign>
<var>${min}</var>
</assign>
<msg timestamp="20210216 17:45:08.964" level="INFO">${min} = 207.0</msg>
<status status="PASS" starttime="20210216 17:45:08.964" endtime="20210216 17:45:08.964"></status>
</kw>
<status status="PASS" starttime="20210216 17:45:08.934" endtime="20210216 17:45:08.964"></status>
</kw>
<kw name="${index} = 14" type="foritem">
<kw name="Get Text" library="SeleniumLibrary">
<doc>Returns the text value of the element identified by ``locator``.</doc>
<arguments>
<arg>//*[@id="boxes"]/div[${index}+1]/div[2]/div[1]/div/span[1]</arg>
</arguments>
<assign>
<var>${price}</var>
</assign>
<msg timestamp="20210216 17:45:08.991" level="INFO">${price} = Od 179 €</msg>
<status status="PASS" starttime="20210216 17:45:08.964" endtime="20210216 17:45:08.991"></status>
</kw>
<kw name="Fetch From Left" library="String">
<doc>Returns contents of the ``string`` before the first occurrence of ``marker``.</doc>
<arguments>
<arg>${price}</arg>
<arg>€</arg>
</arguments>
<assign>
<var>${price}</var>
</assign>
<msg timestamp="20210216 17:45:08.992" level="INFO">${price} = Od 179 </msg>
<status status="PASS" starttime="20210216 17:45:08.991" endtime="20210216 17:45:08.992"></status>
</kw>
<kw name="Fetch From Right" library="String">
<doc>Returns contents of the ``string`` after the last occurrence of ``marker``.</doc>
<arguments>
<arg>${price}</arg>
<arg>Od</arg>
</arguments>
<assign>
<var>${price}</var>
</assign>
<msg timestamp="20210216 17:45:08.992" level="INFO">${price} =  179 </msg>
<status status="PASS" starttime="20210216 17:45:08.992" endtime="20210216 17:45:08.992"></status>
</kw>
<kw name="Fetch From Left" library="String">
<doc>Returns contents of the ``string`` before the first occurrence of ``marker``.</doc>
<arguments>
<arg>${price}</arg>
<arg>,</arg>
</arguments>
<assign>
<var>${price}</var>
</assign>
<msg timestamp="20210216 17:45:08.992" level="INFO">${price} =  179 </msg>
<status status="PASS" starttime="20210216 17:45:08.992" endtime="20210216 17:45:08.992"></status>
</kw>
<kw name="Convert To Number" library="BuiltIn">
<doc>Converts the given item to a floating point number.</doc>
<arguments>
<arg>${price}</arg>
</arguments>
<assign>
<var>${price}</var>
</assign>
<msg timestamp="20210216 17:45:08.993" level="INFO">${price} = 179.0</msg>
<status status="PASS" starttime="20210216 17:45:08.992" endtime="20210216 17:45:08.993"></status>
</kw>
<kw name="Convert To Number" library="BuiltIn">
<doc>Converts the given item to a floating point number.</doc>
<arguments>
<arg>${min}</arg>
</arguments>
<assign>
<var>${min}</var>
</assign>
<msg timestamp="20210216 17:45:08.993" level="INFO">${min} = 207.0</msg>
<status status="PASS" starttime="20210216 17:45:08.993" endtime="20210216 17:45:08.993"></status>
</kw>
<kw name="Run Keyword And Return Status" library="BuiltIn">
<doc>Runs the given keyword with given arguments and returns the status as a Boolean value.</doc>
<arguments>
<arg>Should Be True</arg>
<arg>${price} &gt;= ${min}</arg>
</arguments>
<assign>
<var>${status}</var>
</assign>
<kw name="Should Be True" library="BuiltIn">
<doc>Fails if the given condition is not true.</doc>
<arguments>
<arg>${price} &gt;= ${min}</arg>
</arguments>
<msg timestamp="20210216 17:45:08.994" level="FAIL">'179.0 &gt;= 207.0' should be true.</msg>
<status status="FAIL" starttime="20210216 17:45:08.993" endtime="20210216 17:45:08.994"></status>
</kw>
<msg timestamp="20210216 17:45:08.994" level="INFO">${status} = False</msg>
<status status="PASS" starttime="20210216 17:45:08.993" endtime="20210216 17:45:08.994"></status>
</kw>
<kw name="Run Keyword If" library="BuiltIn">
<doc>Runs the given keyword with the given arguments, if ``condition`` is true.</doc>
<arguments>
<arg>${status}</arg>
<arg>Log to Console</arg>
<arg>\nPriceViacAkoMin</arg>
<arg>ELSE</arg>
<arg>Log To Console</arg>
<arg>FAIL Price is not in set limit</arg>
</arguments>
<kw name="Log To Console" library="BuiltIn">
<doc>Logs the given message to the console.</doc>
<arguments>
<arg>FAIL Price is not in set limit</arg>
</arguments>
<status status="PASS" starttime="20210216 17:45:08.994" endtime="20210216 17:45:08.994"></status>
</kw>
<status status="PASS" starttime="20210216 17:45:08.994" endtime="20210216 17:45:08.995"></status>
</kw>
<kw name="Set Variable" library="BuiltIn">
<doc>Returns the given values which can then be assigned to a variables.</doc>
<arguments>
<arg>${price}</arg>
</arguments>
<assign>
<var>${min}</var>
</assign>
<msg timestamp="20210216 17:45:08.995" level="INFO">${min} = 179.0</msg>
<status status="PASS" starttime="20210216 17:45:08.995" endtime="20210216 17:45:08.995"></status>
</kw>
<status status="PASS" starttime="20210216 17:45:08.964" endtime="20210216 17:45:08.995"></status>
</kw>
<kw name="${index} = 15" type="foritem">
<kw name="Get Text" library="SeleniumLibrary">
<doc>Returns the text value of the element identified by ``locator``.</doc>
<arguments>
<arg>//*[@id="boxes"]/div[${index}+1]/div[2]/div[1]/div/span[1]</arg>
</arguments>
<assign>
<var>${price}</var>
</assign>
<msg timestamp="20210216 17:45:09.019" level="INFO">${price} = 215,30 €</msg>
<status status="PASS" starttime="20210216 17:45:08.995" endtime="20210216 17:45:09.019"></status>
</kw>
<kw name="Fetch From Left" library="String">
<doc>Returns contents of the ``string`` before the first occurrence of ``marker``.</doc>
<arguments>
<arg>${price}</arg>
<arg>€</arg>
</arguments>
<assign>
<var>${price}</var>
</assign>
<msg timestamp="20210216 17:45:09.019" level="INFO">${price} = 215,30 </msg>
<status status="PASS" starttime="20210216 17:45:09.019" endtime="20210216 17:45:09.019"></status>
</kw>
<kw name="Fetch From Right" library="String">
<doc>Returns contents of the ``string`` after the last occurrence of ``marker``.</doc>
<arguments>
<arg>${price}</arg>
<arg>Od</arg>
</arguments>
<assign>
<var>${price}</var>
</assign>
<msg timestamp="20210216 17:45:09.019" level="INFO">${price} = 215,30 </msg>
<status status="PASS" starttime="20210216 17:45:09.019" endtime="20210216 17:45:09.020"></status>
</kw>
<kw name="Fetch From Left" library="String">
<doc>Returns contents of the ``string`` before the first occurrence of ``marker``.</doc>
<arguments>
<arg>${price}</arg>
<arg>,</arg>
</arguments>
<assign>
<var>${price}</var>
</assign>
<msg timestamp="20210216 17:45:09.020" level="INFO">${price} = 215</msg>
<status status="PASS" starttime="20210216 17:45:09.020" endtime="20210216 17:45:09.020"></status>
</kw>
<kw name="Convert To Number" library="BuiltIn">
<doc>Converts the given item to a floating point number.</doc>
<arguments>
<arg>${price}</arg>
</arguments>
<assign>
<var>${price}</var>
</assign>
<msg timestamp="20210216 17:45:09.020" level="INFO">${price} = 215.0</msg>
<status status="PASS" starttime="20210216 17:45:09.020" endtime="20210216 17:45:09.020"></status>
</kw>
<kw name="Convert To Number" library="BuiltIn">
<doc>Converts the given item to a floating point number.</doc>
<arguments>
<arg>${min}</arg>
</arguments>
<assign>
<var>${min}</var>
</assign>
<msg timestamp="20210216 17:45:09.020" level="INFO">${min} = 179.0</msg>
<status status="PASS" starttime="20210216 17:45:09.020" endtime="20210216 17:45:09.020"></status>
</kw>
<kw name="Run Keyword And Return Status" library="BuiltIn">
<doc>Runs the given keyword with given arguments and returns the status as a Boolean value.</doc>
<arguments>
<arg>Should Be True</arg>
<arg>${price} &gt;= ${min}</arg>
</arguments>
<assign>
<var>${status}</var>
</assign>
<kw name="Should Be True" library="BuiltIn">
<doc>Fails if the given condition is not true.</doc>
<arguments>
<arg>${price} &gt;= ${min}</arg>
</arguments>
<status status="PASS" starttime="20210216 17:45:09.021" endtime="20210216 17:45:09.021"></status>
</kw>
<msg timestamp="20210216 17:45:09.021" level="INFO">${status} = True</msg>
<status status="PASS" starttime="20210216 17:45:09.020" endtime="20210216 17:45:09.021"></status>
</kw>
<kw name="Run Keyword If" library="BuiltIn">
<doc>Runs the given keyword with the given arguments, if ``condition`` is true.</doc>
<arguments>
<arg>${status}</arg>
<arg>Log to Console</arg>
<arg>\nPriceViacAkoMin</arg>
<arg>ELSE</arg>
<arg>Log To Console</arg>
<arg>FAIL Price is not in set limit</arg>
</arguments>
<kw name="Log To Console" library="BuiltIn">
<doc>Logs the given message to the console.</doc>
<arguments>
<arg>\nPriceViacAkoMin</arg>
</arguments>
<status status="PASS" starttime="20210216 17:45:09.021" endtime="20210216 17:45:09.022"></status>
</kw>
<status status="PASS" starttime="20210216 17:45:09.021" endtime="20210216 17:45:09.022"></status>
</kw>
<kw name="Set Variable" library="BuiltIn">
<doc>Returns the given values which can then be assigned to a variables.</doc>
<arguments>
<arg>${price}</arg>
</arguments>
<assign>
<var>${min}</var>
</assign>
<msg timestamp="20210216 17:45:09.022" level="INFO">${min} = 215.0</msg>
<status status="PASS" starttime="20210216 17:45:09.022" endtime="20210216 17:45:09.022"></status>
</kw>
<status status="PASS" starttime="20210216 17:45:08.995" endtime="20210216 17:45:09.022"></status>
</kw>
<kw name="${index} = 16" type="foritem">
<kw name="Get Text" library="SeleniumLibrary">
<doc>Returns the text value of the element identified by ``locator``.</doc>
<arguments>
<arg>//*[@id="boxes"]/div[${index}+1]/div[2]/div[1]/div/span[1]</arg>
</arguments>
<assign>
<var>${price}</var>
</assign>
<msg timestamp="20210216 17:45:09.046" level="INFO">${price} = 218,90 €</msg>
<status status="PASS" starttime="20210216 17:45:09.022" endtime="20210216 17:45:09.046"></status>
</kw>
<kw name="Fetch From Left" library="String">
<doc>Returns contents of the ``string`` before the first occurrence of ``marker``.</doc>
<arguments>
<arg>${price}</arg>
<arg>€</arg>
</arguments>
<assign>
<var>${price}</var>
</assign>
<msg timestamp="20210216 17:45:09.046" level="INFO">${price} = 218,90 </msg>
<status status="PASS" starttime="20210216 17:45:09.046" endtime="20210216 17:45:09.046"></status>
</kw>
<kw name="Fetch From Right" library="String">
<doc>Returns contents of the ``string`` after the last occurrence of ``marker``.</doc>
<arguments>
<arg>${price}</arg>
<arg>Od</arg>
</arguments>
<assign>
<var>${price}</var>
</assign>
<msg timestamp="20210216 17:45:09.046" level="INFO">${price} = 218,90 </msg>
<status status="PASS" starttime="20210216 17:45:09.046" endtime="20210216 17:45:09.046"></status>
</kw>
<kw name="Fetch From Left" library="String">
<doc>Returns contents of the ``string`` before the first occurrence of ``marker``.</doc>
<arguments>
<arg>${price}</arg>
<arg>,</arg>
</arguments>
<assign>
<var>${price}</var>
</assign>
<msg timestamp="20210216 17:45:09.047" level="INFO">${price} = 218</msg>
<status status="PASS" starttime="20210216 17:45:09.047" endtime="20210216 17:45:09.047"></status>
</kw>
<kw name="Convert To Number" library="BuiltIn">
<doc>Converts the given item to a floating point number.</doc>
<arguments>
<arg>${price}</arg>
</arguments>
<assign>
<var>${price}</var>
</assign>
<msg timestamp="20210216 17:45:09.047" level="INFO">${price} = 218.0</msg>
<status status="PASS" starttime="20210216 17:45:09.047" endtime="20210216 17:45:09.047"></status>
</kw>
<kw name="Convert To Number" library="BuiltIn">
<doc>Converts the given item to a floating point number.</doc>
<arguments>
<arg>${min}</arg>
</arguments>
<assign>
<var>${min}</var>
</assign>
<msg timestamp="20210216 17:45:09.047" level="INFO">${min} = 215.0</msg>
<status status="PASS" starttime="20210216 17:45:09.047" endtime="20210216 17:45:09.047"></status>
</kw>
<kw name="Run Keyword And Return Status" library="BuiltIn">
<doc>Runs the given keyword with given arguments and returns the status as a Boolean value.</doc>
<arguments>
<arg>Should Be True</arg>
<arg>${price} &gt;= ${min}</arg>
</arguments>
<assign>
<var>${status}</var>
</assign>
<kw name="Should Be True" library="BuiltIn">
<doc>Fails if the given condition is not true.</doc>
<arguments>
<arg>${price} &gt;= ${min}</arg>
</arguments>
<status status="PASS" starttime="20210216 17:45:09.048" endtime="20210216 17:45:09.048"></status>
</kw>
<msg timestamp="20210216 17:45:09.048" level="INFO">${status} = True</msg>
<status status="PASS" starttime="20210216 17:45:09.047" endtime="20210216 17:45:09.048"></status>
</kw>
<kw name="Run Keyword If" library="BuiltIn">
<doc>Runs the given keyword with the given arguments, if ``condition`` is true.</doc>
<arguments>
<arg>${status}</arg>
<arg>Log to Console</arg>
<arg>\nPriceViacAkoMin</arg>
<arg>ELSE</arg>
<arg>Log To Console</arg>
<arg>FAIL Price is not in set limit</arg>
</arguments>
<kw name="Log To Console" library="BuiltIn">
<doc>Logs the given message to the console.</doc>
<arguments>
<arg>\nPriceViacAkoMin</arg>
</arguments>
<status status="PASS" starttime="20210216 17:45:09.048" endtime="20210216 17:45:09.049"></status>
</kw>
<status status="PASS" starttime="20210216 17:45:09.048" endtime="20210216 17:45:09.049"></status>
</kw>
<kw name="Set Variable" library="BuiltIn">
<doc>Returns the given values which can then be assigned to a variables.</doc>
<arguments>
<arg>${price}</arg>
</arguments>
<assign>
<var>${min}</var>
</assign>
<msg timestamp="20210216 17:45:09.049" level="INFO">${min} = 218.0</msg>
<status status="PASS" starttime="20210216 17:45:09.049" endtime="20210216 17:45:09.049"></status>
</kw>
<status status="PASS" starttime="20210216 17:45:09.022" endtime="20210216 17:45:09.049"></status>
</kw>
<kw name="${index} = 17" type="foritem">
<kw name="Get Text" library="SeleniumLibrary">
<doc>Returns the text value of the element identified by ``locator``.</doc>
<arguments>
<arg>//*[@id="boxes"]/div[${index}+1]/div[2]/div[1]/div/span[1]</arg>
</arguments>
<assign>
<var>${price}</var>
</assign>
<msg timestamp="20210216 17:45:09.076" level="INFO">${price} = 218,90 €</msg>
<status status="PASS" starttime="20210216 17:45:09.049" endtime="20210216 17:45:09.076"></status>
</kw>
<kw name="Fetch From Left" library="String">
<doc>Returns contents of the ``string`` before the first occurrence of ``marker``.</doc>
<arguments>
<arg>${price}</arg>
<arg>€</arg>
</arguments>
<assign>
<var>${price}</var>
</assign>
<msg timestamp="20210216 17:45:09.076" level="INFO">${price} = 218,90 </msg>
<status status="PASS" starttime="20210216 17:45:09.076" endtime="20210216 17:45:09.076"></status>
</kw>
<kw name="Fetch From Right" library="String">
<doc>Returns contents of the ``string`` after the last occurrence of ``marker``.</doc>
<arguments>
<arg>${price}</arg>
<arg>Od</arg>
</arguments>
<assign>
<var>${price}</var>
</assign>
<msg timestamp="20210216 17:45:09.077" level="INFO">${price} = 218,90 </msg>
<status status="PASS" starttime="20210216 17:45:09.076" endtime="20210216 17:45:09.077"></status>
</kw>
<kw name="Fetch From Left" library="String">
<doc>Returns contents of the ``string`` before the first occurrence of ``marker``.</doc>
<arguments>
<arg>${price}</arg>
<arg>,</arg>
</arguments>
<assign>
<var>${price}</var>
</assign>
<msg timestamp="20210216 17:45:09.077" level="INFO">${price} = 218</msg>
<status status="PASS" starttime="20210216 17:45:09.077" endtime="20210216 17:45:09.077"></status>
</kw>
<kw name="Convert To Number" library="BuiltIn">
<doc>Converts the given item to a floating point number.</doc>
<arguments>
<arg>${price}</arg>
</arguments>
<assign>
<var>${price}</var>
</assign>
<msg timestamp="20210216 17:45:09.077" level="INFO">${price} = 218.0</msg>
<status status="PASS" starttime="20210216 17:45:09.077" endtime="20210216 17:45:09.077"></status>
</kw>
<kw name="Convert To Number" library="BuiltIn">
<doc>Converts the given item to a floating point number.</doc>
<arguments>
<arg>${min}</arg>
</arguments>
<assign>
<var>${min}</var>
</assign>
<msg timestamp="20210216 17:45:09.078" level="INFO">${min} = 218.0</msg>
[...]
</kw>
<kw name="Run Keyword And Return Status" library="BuiltIn">
<doc>Runs the given keyword with given arguments and returns the status as a Boolean value.</doc>
<arguments>
<arg>Should Be True</arg>
<arg>${minPrice} &lt;= ${price} &lt;= ${maxPrice}</arg>
</arguments>
<assign>
<var>${status}</var>
</assign>
<kw name="Should Be True" library="BuiltIn">
<doc>Fails if the given condition is not true.</doc>
<arguments>
<arg>${minPrice} &lt;= ${price} &lt;= ${maxPrice}</arg>
</arguments>
<status status="PASS" starttime="20210216 17:46:33.394" endtime="20210216 17:46:33.394"></status>
</kw>
<msg timestamp="20210216 17:46:33.394" level="INFO">${status} = True</msg>
<status status="PASS" starttime="20210216 17:46:33.393" endtime="20210216 17:46:33.394"></status>
</kw>
<kw name="Run Keyword If" library="BuiltIn">
<doc>Runs the given keyword with the given arguments, if ``condition`` is true.</doc>
<arguments>
<arg>${status}</arg>
<arg>Log to Console</arg>
<arg>\nPriceJeVMINaMAX</arg>
<arg>ELSE</arg>
<arg>Log To Console</arg>
<arg>FAIL Price is not in set range</arg>
</arguments>
<kw name="Log To Console" library="BuiltIn">
<doc>Logs the given message to the console.</doc>
<arguments>
<arg>\nPriceJeVMINaMAX</arg>
</arguments>
<status status="PASS" starttime="20210216 17:46:33.394" endtime="20210216 17:46:33.394"></status>
</kw>
<status status="PASS" starttime="20210216 17:46:33.394" endtime="20210216 17:46:33.394"></status>
</kw>
<status status="PASS" starttime="20210216 17:46:33.357" endtime="20210216 17:46:33.394"></status>
</kw>
<kw name="${index} = 20" type="foritem">
<kw name="Get Text" library="SeleniumLibrary">
<doc>Returns the text value of the element identified by ``locator``.</doc>
<arguments>
<arg>//*[@id="boxes"]/div[${index}+1]/div[2]/div[1]/div/span[1]</arg>
</arguments>
<assign>
<var>${price}</var>
</assign>
<msg timestamp="20210216 17:46:33.429" level="INFO">${price} = 739 €</msg>
<status status="PASS" starttime="20210216 17:46:33.395" endtime="20210216 17:46:33.429"></status>
</kw>
<kw name="Fetch From Left" library="String">
<doc>Returns contents of the ``string`` before the first occurrence of ``marker``.</doc>
<arguments>
<arg>${price}</arg>
<arg>€</arg>
</arguments>
<assign>
<var>${price}</var>
</assign>
<msg timestamp="20210216 17:46:33.429" level="INFO">${price} = 739 </msg>
<status status="PASS" starttime="20210216 17:46:33.429" endtime="20210216 17:46:33.429"></status>
</kw>
<kw name="Fetch From Right" library="String">
<doc>Returns contents of the ``string`` after the last occurrence of ``marker``.</doc>
<arguments>
<arg>${price}</arg>
<arg>Od</arg>
</arguments>
<assign>
<var>${price}</var>
</assign>
<msg timestamp="20210216 17:46:33.429" level="INFO">${price} = 739 </msg>
<status status="PASS" starttime="20210216 17:46:33.429" endtime="20210216 17:46:33.430"></status>
</kw>
<kw name="Fetch From Left" library="String">
<doc>Returns contents of the ``string`` before the first occurrence of ``marker``.</doc>
<arguments>
<arg>${price}</arg>
<arg>,</arg>
</arguments>
<assign>
<var>${price}</var>
</assign>
<msg timestamp="20210216 17:46:33.430" level="INFO">${price} = 739 </msg>
<status status="PASS" starttime="20210216 17:46:33.430" endtime="20210216 17:46:33.430"></status>
</kw>
<kw name="Convert To Number" library="BuiltIn">
<doc>Converts the given item to a floating point number.</doc>
<arguments>
<arg>${price}</arg>
</arguments>
<assign>
<var>${price}</var>
</assign>
<msg timestamp="20210216 17:46:33.430" level="INFO">${price} = 739.0</msg>
<status status="PASS" starttime="20210216 17:46:33.430" endtime="20210216 17:46:33.430"></status>
</kw>
<kw name="Convert To Number" library="BuiltIn">
<doc>Converts the given item to a floating point number.</doc>
<arguments>
<arg>${minPrice}</arg>
</arguments>
<assign>
<var>${minPrice}</var>
</assign>
<msg timestamp="20210216 17:46:33.430" level="INFO">${minPrice} = 400.0</msg>
<status status="PASS" starttime="20210216 17:46:33.430" endtime="20210216 17:46:33.430"></status>
</kw>
<kw name="Convert To Number" library="BuiltIn">
<doc>Converts the given item to a floating point number.</doc>
<arguments>
<arg>${maxPrice}</arg>
</arguments>
<assign>
<var>${maxPrice}</var>
</assign>
<msg timestamp="20210216 17:46:33.431" level="INFO">${maxPrice} = 800.0</msg>
<status status="PASS" starttime="20210216 17:46:33.430" endtime="20210216 17:46:33.431"></status>
</kw>
<kw name="Run Keyword And Return Status" library="BuiltIn">
<doc>Runs the given keyword with given arguments and returns the status as a Boolean value.</doc>
<arguments>
<arg>Should Be True</arg>
<arg>${minPrice} &lt;= ${price} &lt;= ${maxPrice}</arg>
</arguments>
<assign>
<var>${status}</var>
</assign>
<kw name="Should Be True" library="BuiltIn">
<doc>Fails if the given condition is not true.</doc>
<arguments>
<arg>${minPrice} &lt;= ${price} &lt;= ${maxPrice}</arg>
</arguments>
<status status="PASS" starttime="20210216 17:46:33.431" endtime="20210216 17:46:33.431"></status>
</kw>
<msg timestamp="20210216 17:46:33.431" level="INFO">${status} = True</msg>
<status status="PASS" starttime="20210216 17:46:33.431" endtime="20210216 17:46:33.431"></status>
</kw>
<kw name="Run Keyword If" library="BuiltIn">
<doc>Runs the given keyword with the given arguments, if ``condition`` is true.</doc>
<arguments>
<arg>${status}</arg>
<arg>Log to Console</arg>
<arg>\nPriceJeVMINaMAX</arg>
<arg>ELSE</arg>
<arg>Log To Console</arg>
<arg>FAIL Price is not in set range</arg>
</arguments>
<kw name="Log To Console" library="BuiltIn">
<doc>Logs the given message to the console.</doc>
<arguments>
<arg>\nPriceJeVMINaMAX</arg>
</arguments>
<status status="PASS" starttime="20210216 17:46:33.432" endtime="20210216 17:46:33.432"></status>
</kw>
<status status="PASS" starttime="20210216 17:46:33.431" endtime="20210216 17:46:33.432"></status>
</kw>
<status status="PASS" starttime="20210216 17:46:33.395" endtime="20210216 17:46:33.432"></status>
</kw>
<kw name="${index} = 21" type="foritem">
<kw name="Get Text" library="SeleniumLibrary">
<doc>Returns the text value of the element identified by ``locator``.</doc>
<arguments>
<arg>//*[@id="boxes"]/div[${index}+1]/div[2]/div[1]/div/span[1]</arg>
</arguments>
<assign>
<var>${price}</var>
</assign>
<msg timestamp="20210216 17:46:33.467" level="INFO">${price} = 789 €</msg>
<status status="PASS" starttime="20210216 17:46:33.432" endtime="20210216 17:46:33.467"></status>
</kw>
<kw name="Fetch From Left" library="String">
<doc>Returns contents of the ``string`` before the first occurrence of ``marker``.</doc>
<arguments>
<arg>${price}</arg>
<arg>€</arg>
</arguments>
<assign>
<var>${price}</var>
</assign>
<msg timestamp="20210216 17:46:33.468" level="INFO">${price} = 789 </msg>
<status status="PASS" starttime="20210216 17:46:33.467" endtime="20210216 17:46:33.468"></status>
</kw>
<kw name="Fetch From Right" library="String">
<doc>Returns contents of the ``string`` after the last occurrence of ``marker``.</doc>
<arguments>
<arg>${price}</arg>
<arg>Od</arg>
</arguments>
<assign>
<var>${price}</var>
</assign>
<msg timestamp="20210216 17:46:33.468" level="INFO">${price} = 789 </msg>
<status status="PASS" starttime="20210216 17:46:33.468" endtime="20210216 17:46:33.468"></status>
</kw>
<kw name="Fetch From Left" library="String">
<doc>Returns contents of the ``string`` before the first occurrence of ``marker``.</doc>
<arguments>
<arg>${price}</arg>
<arg>,</arg>
</arguments>
<assign>
<var>${price}</var>
</assign>
<msg timestamp="20210216 17:46:33.468" level="INFO">${price} = 789 </msg>
<status status="PASS" starttime="20210216 17:46:33.468" endtime="20210216 17:46:33.468"></status>
</kw>
<kw name="Convert To Number" library="BuiltIn">
<doc>Converts the given item to a floating point number.</doc>
<arguments>
<arg>${price}</arg>
</arguments>
<assign>
<var>${price}</var>
</assign>
<msg timestamp="20210216 17:46:33.468" level="INFO">${price} = 789.0</msg>
<status status="PASS" starttime="20210216 17:46:33.468" endtime="20210216 17:46:33.468"></status>
</kw>
<kw name="Convert To Number" library="BuiltIn">
<doc>Converts the given item to a floating point number.</doc>
<arguments>
<arg>${minPrice}</arg>
</arguments>
<assign>
<var>${minPrice}</var>
</assign>
<msg timestamp="20210216 17:46:33.469" level="INFO">${minPrice} = 400.0</msg>
<status status="PASS" starttime="20210216 17:46:33.469" endtime="20210216 17:46:33.469"></status>
</kw>
<kw name="Convert To Number" library="BuiltIn">
<doc>Converts the given item to a floating point number.</doc>
<arguments>
<arg>${maxPrice}</arg>
</arguments>
<assign>
<var>${maxPrice}</var>
</assign>
<msg timestamp="20210216 17:46:33.469" level="INFO">${maxPrice} = 800.0</msg>
<status status="PASS" starttime="20210216 17:46:33.469" endtime="20210216 17:46:33.469"></status>
</kw>
<kw name="Run Keyword And Return Status" library="BuiltIn">
<doc>Runs the given keyword with given arguments and returns the status as a Boolean value.</doc>
<arguments>
<arg>Should Be True</arg>
<arg>${minPrice} &lt;= ${price} &lt;= ${maxPrice}</arg>
</arguments>
<assign>
<var>${status}</var>
</assign>
<kw name="Should Be True" library="BuiltIn">
<doc>Fails if the given condition is not true.</doc>
<arguments>
<arg>${minPrice} &lt;= ${price} &lt;= ${maxPrice}</arg>
</arguments>
<status status="PASS" starttime="20210216 17:46:33.469" endtime="20210216 17:46:33.470"></status>
</kw>
<msg timestamp="20210216 17:46:33.470" level="INFO">${status} = True</msg>
<status status="PASS" starttime="20210216 17:46:33.469" endtime="20210216 17:46:33.470"></status>
</kw>
<kw name="Run Keyword If" library="BuiltIn">
<doc>Runs the given keyword with the given arguments, if ``condition`` is true.</doc>
<arguments>
<arg>${status}</arg>
<arg>Log to Console</arg>
<arg>\nPriceJeVMINaMAX</arg>
<arg>ELSE</arg>
<arg>Log To Console</arg>
<arg>FAIL Price is not in set range</arg>
</arguments>
<kw name="Log To Console" library="BuiltIn">
<doc>Logs the given message to the console.</doc>
<arguments>
<arg>\nPriceJeVMINaMAX</arg>
</arguments>
<status status="PASS" starttime="20210216 17:46:33.470" endtime="20210216 17:46:33.470"></status>
</kw>
<status status="PASS" starttime="20210216 17:46:33.470" endtime="20210216 17:46:33.470"></status>
</kw>
<status status="PASS" starttime="20210216 17:46:33.432" endtime="20210216 17:46:33.470"></status>
</kw>
<kw name="${index} = 22" type="foritem">
<kw name="Get Text" library="SeleniumLibrary">
<doc>Returns the text value of the element identified by ``locator``.</doc>
<arguments>
<arg>//*[@id="boxes"]/div[${index}+1]/div[2]/div[1]/div/span[1]</arg>
</arguments>
<assign>
<var>${price}</var>
</assign>
<msg timestamp="20210216 17:46:33.506" level="INFO">${price} = 655,90 €</msg>
<status status="PASS" starttime="20210216 17:46:33.471" endtime="20210216 17:46:33.506"></status>
</kw>
<kw name="Fetch From Left" library="String">
<doc>Returns contents of the ``string`` before the first occurrence of ``marker``.</doc>
<arguments>
<arg>${price}</arg>
<arg>€</arg>
</arguments>
<assign>
<var>${price}</var>
</assign>
<msg timestamp="20210216 17:46:33.506" level="INFO">${price} = 655,90 </msg>
<status status="PASS" starttime="20210216 17:46:33.506" endtime="20210216 17:46:33.506"></status>
</kw>
<kw name="Fetch From Right" library="String">
<doc>Returns contents of the ``string`` after the last occurrence of ``marker``.</doc>
<arguments>
<arg>${price}</arg>
<arg>Od</arg>
</arguments>
<assign>
<var>${price}</var>
</assign>
<msg timestamp="20210216 17:46:33.507" level="INFO">${price} = 655,90 </msg>
<status status="PASS" starttime="20210216 17:46:33.506" endtime="20210216 17:46:33.507"></status>
</kw>
<kw name="Fetch From Left" library="String">
<doc>Returns contents of the ``string`` before the first occurrence of ``marker``.</doc>
<arguments>
<arg>${price}</arg>
<arg>,</arg>
</arguments>
<assign>
<var>${price}</var>
</assign>
<msg timestamp="20210216 17:46:33.507" level="INFO">${price} = 655</msg>
<status status="PASS" starttime="20210216 17:46:33.507" endtime="20210216 17:46:33.507"></status>
</kw>
<kw name="Convert To Number" library="BuiltIn">
<doc>Converts the given item to a floating point number.</doc>
<arguments>
<arg>${price}</arg>
</arguments>
<assign>
<var>${price}</var>
</assign>
<msg timestamp="20210216 17:46:33.507" level="INFO">${price} = 655.0</msg>
<status status="PASS" starttime="20210216 17:46:33.507" endtime="20210216 17:46:33.507"></status>
</kw>
<kw name="Convert To Number" library="BuiltIn">
<doc>Converts the given item to a floating point number.</doc>
<arguments>
<arg>${minPrice}</arg>
</arguments>
<assign>
<var>${minPrice}</var>
</assign>
<msg timestamp="20210216 17:46:33.507" level="INFO">${minPrice} = 400.0</msg>
<status status="PASS" starttime="20210216 17:46:33.507" endtime="20210216 17:46:33.507"></status>
</kw>
<kw name="Convert To Number" library="BuiltIn">
<doc>Converts the given item to a floating point number.</doc>
<arguments>
<arg>${maxPrice}</arg>
</arguments>
<assign>
<var>${maxPrice}</var>
</assign>
<msg timestamp="20210216 17:46:33.508" level="INFO">${maxPrice} = 800.0</msg>
<status status="PASS" starttime="20210216 17:46:33.508" endtime="20210216 17:46:33.508"></status>
</kw>
<kw name="Run Keyword And Return Status" library="BuiltIn">
<doc>Runs the given keyword with given arguments and returns the status as a Boolean value.</doc>
<arguments>
<arg>Should Be True</arg>
<arg>${minPrice} &lt;= ${price} &lt;= ${maxPrice}</arg>
</arguments>
<assign>
<var>${status}</var>
</assign>
<kw name="Should Be True" library="BuiltIn">
<doc>Fails if the given condition is not true.</doc>
<arguments>
<arg>${minPrice} &lt;= ${price} &lt;= ${maxPrice}</arg>
</arguments>
<status status="PASS" starttime="20210216 17:46:33.508" endtime="20210216 17:46:33.508"></status>
</kw>
<msg timestamp="20210216 17:46:33.508" level="INFO">${status} = True</msg>
<status status="PASS" starttime="20210216 17:46:33.508" endtime="20210216 17:46:33.508"></status>
</kw>
<kw name="Run Keyword If" library="BuiltIn">
<doc>Runs the given keyword with the given arguments, if ``condition`` is true.</doc>
<arguments>
<arg>${status}</arg>
<arg>Log to Console</arg>
<arg>\nPriceJeVMINaMAX</arg>
<arg>ELSE</arg>
<arg>Log To Console</arg>
<arg>FAIL Price is not in set range</arg>
</arguments>
<kw name="Log To Console" library="BuiltIn">
<doc>Logs the given message to the console.</doc>
<arguments>
<arg>\nPriceJeVMINaMAX</arg>
</arguments>
<status status="PASS" starttime="20210216 17:46:33.509" endtime="20210216 17:46:33.509"></status>
</kw>
<status status="PASS" starttime="20210216 17:46:33.508" endtime="20210216 17:46:33.509"></status>
</kw>
<status status="PASS" starttime="20210216 17:46:33.470" endtime="20210216 17:46:33.509"></status>
</kw>
<kw name="${index} = 23" type="foritem">
<kw name="Get Text" library="SeleniumLibrary">
<doc>Returns the text value of the element identified by ``locator``.</doc>
<arguments>
<arg>//*[@id="boxes"]/div[${index}+1]/div[2]/div[1]/div/span[1]</arg>
</arguments>
<assign>
<var>${price}</var>
</assign>
<msg timestamp="20210216 17:46:33.545" level="INFO">${price} = 649 €</msg>
<status status="PASS" starttime="20210216 17:46:33.509" endtime="20210216 17:46:33.546"></status>
</kw>
<kw name="Fetch From Left" library="String">
<doc>Returns contents of the ``string`` before the first occurrence of ``marker``.</doc>
<arguments>
<arg>${price}</arg>
<arg>€</arg>
</arguments>
<assign>
<var>${price}</var>
</assign>
<msg timestamp="20210216 17:46:33.546" level="INFO">${price} = 649 </msg>
<status status="PASS" starttime="20210216 17:46:33.546" endtime="20210216 17:46:33.546"></status>
</kw>
<kw name="Fetch From Right" library="String">
<doc>Returns contents of the ``string`` after the last occurrence of ``marker``.</doc>
<arguments>
<arg>${price}</arg>
<arg>Od</arg>
</arguments>
<assign>
<var>${price}</var>
</assign>
<msg timestamp="20210216 17:46:33.546" level="INFO">${price} = 649 </msg>
<status status="PASS" starttime="20210216 17:46:33.546" endtime="20210216 17:46:33.546"></status>
</kw>
<kw name="Fetch From Left" library="String">
<doc>Returns contents of the ``string`` before the first occurrence of ``marker``.</doc>
<arguments>
<arg>${price}</arg>
<arg>,</arg>
</arguments>
<assign>
<var>${price}</var>
</assign>
<msg timestamp="20210216 17:46:33.546" level="INFO">${price} = 649 </msg>
<status status="PASS" starttime="20210216 17:46:33.546" endtime="20210216 17:46:33.546"></status>
</kw>
<kw name="Convert To Number" library="BuiltIn">
<doc>Converts the given item to a floating point number.</doc>
<arguments>
<arg>${price}</arg>
</arguments>
<assign>
<var>${price}</var>
</assign>
<msg timestamp="20210216 17:46:33.547" level="INFO">${price} = 649.0</msg>
<status status="PASS" starttime="20210216 17:46:33.547" endtime="20210216 17:46:33.547"></status>
</kw>
<kw name="Convert To Number" library="BuiltIn">
<doc>Converts the given item to a floating point number.</doc>
<arguments>
<arg>${minPrice}</arg>
</arguments>
<assign>
<var>${minPrice}</var>
</assign>
<msg timestamp="20210216 17:46:33.547" level="INFO">${minPrice} = 400.0</msg>
<status status="PASS" starttime="20210216 17:46:33.547" endtime="20210216 17:46:33.547"></status>
</kw>
<kw name="Convert To Number" library="BuiltIn">
<doc>Converts the given item to a floating point number.</doc>
<arguments>
<arg>${maxPrice}</arg>
</arguments>
<assign>
<var>${maxPrice}</var>
</assign>
<msg timestamp="20210216 17:46:33.547" level="INFO">${maxPrice} = 800.0</msg>
<status status="PASS" starttime="20210216 17:46:33.547" endtime="20210216 17:46:33.547"></status>
</kw>
<kw name="Run Keyword And Return Status" library="BuiltIn">
<doc>Runs the given keyword with given arguments and returns the status as a Boolean value.</doc>
<arguments>
<arg>Should Be True</arg>
<arg>${minPrice} &lt;= ${price} &lt;= ${maxPrice}</arg>
</arguments>
<assign>
<var>${status}</var>
</assign>
<kw name="Should Be True" library="BuiltIn">
<doc>Fails if the given condition is not true.</doc>
<arguments>
<arg>${minPrice} &lt;= ${price} &lt;= ${maxPrice}</arg>
</arguments>
<status status="PASS" starttime="20210216 17:46:33.548" endtime="20210216 17:46:33.548"></status>
</kw>
<msg timestamp="20210216 17:46:33.548" level="INFO">${status} = True</msg>
<status status="PASS" starttime="20210216 17:46:33.547" endtime="20210216 17:46:33.548"></status>
</kw>
<kw name="Run Keyword If" library="BuiltIn">
<doc>Runs the given keyword with the given arguments, if ``condition`` is true.</doc>
<arguments>
<arg>${status}</arg>
<arg>Log to Console</arg>
<arg>\nPriceJeVMINaMAX</arg>
<arg>ELSE</arg>
<arg>Log To Console</arg>
<arg>FAIL Price is not in set range</arg>
</arguments>
<kw name="Log To Console" library="BuiltIn">
<doc>Logs the given message to the console.</doc>
<arguments>
<arg>\nPriceJeVMINaMAX</arg>
</arguments>
<status status="PASS" starttime="20210216 17:46:33.548" endtime="20210216 17:46:33.549"></status>
</kw>
<status status="PASS" starttime="20210216 17:46:33.548" endtime="20210216 17:46:33.549"></status>
</kw>
<status status="PASS" starttime="20210216 17:46:33.509" endtime="20210216 17:46:33.549"></status>
</kw>
<status status="PASS" starttime="20210216 17:46:32.062" endtime="20210216 17:46:33.549"></status>
</kw>
<kw name="Close Browser" library="SeleniumLibrary">
<doc>Closes the current browser.</doc>
<status status="PASS" starttime="20210216 17:46:33.549" endtime="20210216 17:46:35.706"></status>
</kw>
<status status="PASS" starttime="20210216 17:45:53.430" endtime="20210216 17:46:35.706" critical="yes"></status>
</test>
<doc>This is a price ordering test</doc>
<status status="PASS" starttime="20210216 17:44:42.953" endtime="20210216 17:46:35.707"></status>
</suite>
<statistics>
<total>
<stat pass="3" fail="0">Critical Tests</stat>
<stat pass="3" fail="0">All Tests</stat>
</total>
<tag>
</tag>
<suite>
<stat pass="3" fail="0" id="s1" name="AlzaPriceOrder">AlzaPriceOrder</stat>
</suite>
</statistics>
<errors>
</errors>
</robot>
